[0.000000] (-) TimerEvent: {}
[0.000156] (-) JobUnselected: {'identifier': 'my_robot_controller'}
[0.000452] (my_py_pkg) JobQueued: {'identifier': 'my_py_pkg', 'dependencies': OrderedDict()}
[0.001523] (my_py_pkg) JobStarted: {'identifier': 'my_py_pkg'}
[0.099374] (-) TimerEvent: {}
[0.204213] (-) TimerEvent: {}
[0.304493] (-) TimerEvent: {}
[0.404774] (-) TimerEvent: {}
[0.505051] (-) TimerEvent: {}
[0.605380] (-) TimerEvent: {}
[0.705727] (-) TimerEvent: {}
[0.806020] (-) TimerEvent: {}
[0.906302] (-) TimerEvent: {}
[1.006587] (-) TimerEvent: {}
[1.106874] (-) TimerEvent: {}
[1.207181] (-) TimerEvent: {}
[1.307490] (-) TimerEvent: {}
[1.328874] (my_py_pkg) Command: {'cmd': ['/usr/bin/python', 'setup.py', 'develop', '--uninstall', '--editable', '--build-directory', '/mnt/Resources/ROS/ROS2/Workspaces/ros2_ws/build/my_py_pkg/build'], 'cwd': '/mnt/Resources/ROS/ROS2/Workspaces/ros2_ws/build/my_py_pkg', 'env': {'SHELL': '/bin/bash', 'ROS_VERSION': '2', 'SESSION_MANAGER': 'local/ARCH:@/tmp/.ICE-unix/1132,unix/ARCH:/tmp/.ICE-unix/1132', 'QT_SCREEN_SCALE_FACTORS': 'eDP-1=1.125;DP-1=1.125;HDMI-1=1.125;HDMI-2=1.125;', 'COLORTERM': 'truecolor', 'XDG_CONFIG_DIRS': '/home/arifcse21/.config/kdedefaults:/etc/xdg', 'XDG_SESSION_PATH': '/org/freedesktop/DisplayManager/Session1', 'PKG_CONFIG_PATH': '/opt/ros/humble/lib/pkgconfig', 'ROS_PYTHON_VERSION': '3', 'TERMINATOR_DBUS_PATH': '/net/tenshu/Terminator2', 'TERMINATOR_UUID': 'urn:uuid:18646171-d39c-452a-85d9-a360dc3247e4', 'DESKTOP_SESSION': 'plasma', 'GTK_RC_FILES': '/etc/gtk/gtkrc:/home/arifcse21/.gtkrc:/home/arifcse21/.config/gtkrc', 'XCURSOR_SIZE': '48', 'EDITOR': 'vim', 'GTK_MODULES': 'canberra-gtk-module', 'XDG_SEAT': 'seat0', 'PWD': '/mnt/Resources/ROS/ROS2/Workspaces/ros2_ws/build/my_py_pkg', 'XDG_SESSION_DESKTOP': 'KDE', 'LOGNAME': 'arifcse21', 'XDG_SESSION_TYPE': 'x11', 'ROS_DOMAIN_ID': '42', 'SYSTEMD_EXEC_PID': '1321', 'XAUTHORITY': '/home/arifcse21/.Xauthority', 'MOTD_SHOWN': 'pam', 'GTK2_RC_FILES': '/etc/gtk-2.0/gtkrc:/home/arifcse21/.gtkrc-2.0:/home/arifcse21/.config/gtkrc-2.0', 'HOME': '/home/arifcse21', 'LANG': 'en_US.UTF-8', 'XDG_CURRENT_DESKTOP': 'KDE', 'VIRTUAL_ENV': '/mnt/Resources/ROS/ROS2/Workspaces/ros2env', 'VTE_VERSION': '7002', 'AMENT_PREFIX_PATH': '/mnt/Resources/ROS/ROS2/Workspaces/ros2_ws/install/my_robot_controller:/mnt/Resources/ROS/ROS2/Workspaces/ros2_ws/install/my_py_pkg:/opt/ros/humble', 'CMAKE_PREFIX_PATH': '/opt/ros/humble', 'XDG_SEAT_PATH': '/org/freedesktop/DisplayManager/Seat0', 'COLCON_PREFIX_PATH': '/mnt/Resources/ROS/ROS2/Workspaces/ros2_ws/install:/opt/ros/humble', 'INVOCATION_ID': '6e008a15eecf4a01a909b628fd78ab4a', 'git_token': 'sh /home/arifcse21/.git_token.sh', 'TERMINATOR_DBUS_NAME': 'net.tenshu.Terminator21a9d5db22c73a993ff0b42f64b396873', 'MANAGERPID': '1067', 'KDE_SESSION_UID': '1000', 'XDG_SESSION_CLASS': 'user', 'PYTHONPATH': '/mnt/Resources/ROS/ROS2/Workspaces/ros2_ws/build/my_py_pkg/prefix_override:/mnt/Resources/ROS/ROS2/Workspaces/ros2_ws/install/my_py_pkg/lib/python3.10/site-packages:/mnt/Resources/ROS/ROS2/Workspaces/ros2_ws/build/my_robot_controller:/mnt/Resources/ROS/ROS2/Workspaces/ros2_ws/install/my_robot_controller/lib/python3.10/site-packages:/mnt/Resources/ROS/ROS2/Workspaces/ros2_ws/build/my_py_pkg:/mnt/Resources/ROS/ROS2/Workspaces/ros2_ws/install/my_py_pkg/lib/python3.10/site-packages:/build/ros2-humble/src/install/lib/python3.10/dist-packages:/opt/ros/humble/lib/python3.10/site-packages', 'COLCON': '1', 'TERM': 'xterm-256color', 'USER': 'arifcse21', 'KDE_SESSION_VERSION': '5', 'PAM_KWALLET5_LOGIN': '/run/user/1000/kwallet5.socket', 'rldbsh': 'source /home/arifcse21/.bashrc', 'DISPLAY': ':0', 'SHLVL': '1', 'XDG_VTNR': '1', 'XDG_SESSION_ID': '2', 'VIRTUAL_ENV_PROMPT': '(ros2env)', 'LD_LIBRARY_PATH': '/opt/ros/humble/opt/yaml_cpp_vendor/lib:/opt/ros/humble/opt/rviz_ogre_vendor/lib:/opt/ros/humble/lib', 'XDG_RUNTIME_DIR': '/run/user/1000', 'ROS_LOCALHOST_ONLY': '0', 'MKLROOT': '/opt/intel/oneapi/mkl/latest', 'DEBUGINFOD_URLS': 'https://debuginfod.archlinux.org', 'QT_AUTO_SCREEN_SCALE_FACTOR': '0', 'JOURNAL_STREAM': '8:27486', 'XCURSOR_THEME': 'LyraQ-cursors', 'KDE_FULL_SESSION': 'true', 'PATH': '/opt/ros/humble/bin:/mnt/Resources/ROS/ROS2/Workspaces/ros2env/bin:/usr/local/sbin:/usr/local/bin:/usr/bin:/usr/lib/jvm/default/bin:/usr/bin/site_perl:/usr/bin/vendor_perl:/usr/bin/core_perl:/home/arifcse21/.local/share/JetBrains/Toolbox/scripts', 'DBUS_SESSION_BUS_ADDRESS': 'unix:path=/run/user/1000/bus', 'KDE_APPLICATIONS_AS_SCOPE': '1', 'MAIL': '/var/spool/mail/arifcse21', 'ROS_DISTRO': 'humble', 'OLDPWD': '/mnt/Resources/ROS/ROS2/Workspaces', '_': '/usr/bin/env'}, 'shell': False}
[1.407598] (-) TimerEvent: {}
[1.507916] (-) TimerEvent: {}
[1.608205] (-) TimerEvent: {}
[1.708489] (-) TimerEvent: {}
[1.778861] (my_py_pkg) StdoutLine: {'line': b'running develop\n'}
[1.808610] (-) TimerEvent: {}
[1.908883] (-) TimerEvent: {}
[2.009146] (-) TimerEvent: {}
[2.109454] (-) TimerEvent: {}
[2.150131] (my_py_pkg) CommandEnded: {'returncode': 0}
[2.152068] (my_py_pkg) Command: {'cmd': ['/usr/bin/python', 'setup.py', 'egg_info', '--egg-base', '../../build/my_py_pkg', 'build', '--build-base', '/mnt/Resources/ROS/ROS2/Workspaces/ros2_ws/build/my_py_pkg/build', 'install', '--record', '/mnt/Resources/ROS/ROS2/Workspaces/ros2_ws/build/my_py_pkg/install.log', '--single-version-externally-managed'], 'cwd': '/mnt/Resources/ROS/ROS2/Workspaces/ros2_ws/src/my_py_pkg', 'env': {'SHELL': '/bin/bash', 'ROS_VERSION': '2', 'SESSION_MANAGER': 'local/ARCH:@/tmp/.ICE-unix/1132,unix/ARCH:/tmp/.ICE-unix/1132', 'QT_SCREEN_SCALE_FACTORS': 'eDP-1=1.125;DP-1=1.125;HDMI-1=1.125;HDMI-2=1.125;', 'COLORTERM': 'truecolor', 'XDG_CONFIG_DIRS': '/home/arifcse21/.config/kdedefaults:/etc/xdg', 'XDG_SESSION_PATH': '/org/freedesktop/DisplayManager/Session1', 'PKG_CONFIG_PATH': '/opt/ros/humble/lib/pkgconfig', 'ROS_PYTHON_VERSION': '3', 'TERMINATOR_DBUS_PATH': '/net/tenshu/Terminator2', 'TERMINATOR_UUID': 'urn:uuid:18646171-d39c-452a-85d9-a360dc3247e4', 'DESKTOP_SESSION': 'plasma', 'GTK_RC_FILES': '/etc/gtk/gtkrc:/home/arifcse21/.gtkrc:/home/arifcse21/.config/gtkrc', 'XCURSOR_SIZE': '48', 'EDITOR': 'vim', 'GTK_MODULES': 'canberra-gtk-module', 'XDG_SEAT': 'seat0', 'PWD': '/mnt/Resources/ROS/ROS2/Workspaces/ros2_ws/build/my_py_pkg', 'XDG_SESSION_DESKTOP': 'KDE', 'LOGNAME': 'arifcse21', 'XDG_SESSION_TYPE': 'x11', 'ROS_DOMAIN_ID': '42', 'SYSTEMD_EXEC_PID': '1321', 'XAUTHORITY': '/home/arifcse21/.Xauthority', 'MOTD_SHOWN': 'pam', 'GTK2_RC_FILES': '/etc/gtk-2.0/gtkrc:/home/arifcse21/.gtkrc-2.0:/home/arifcse21/.config/gtkrc-2.0', 'HOME': '/home/arifcse21', 'LANG': 'en_US.UTF-8', 'XDG_CURRENT_DESKTOP': 'KDE', 'VIRTUAL_ENV': '/mnt/Resources/ROS/ROS2/Workspaces/ros2env', 'VTE_VERSION': '7002', 'AMENT_PREFIX_PATH': '/mnt/Resources/ROS/ROS2/Workspaces/ros2_ws/install/my_robot_controller:/mnt/Resources/ROS/ROS2/Workspaces/ros2_ws/install/my_py_pkg:/opt/ros/humble', 'CMAKE_PREFIX_PATH': '/opt/ros/humble', 'XDG_SEAT_PATH': '/org/freedesktop/DisplayManager/Seat0', 'COLCON_PREFIX_PATH': '/mnt/Resources/ROS/ROS2/Workspaces/ros2_ws/install:/opt/ros/humble', 'INVOCATION_ID': '6e008a15eecf4a01a909b628fd78ab4a', 'git_token': 'sh /home/arifcse21/.git_token.sh', 'TERMINATOR_DBUS_NAME': 'net.tenshu.Terminator21a9d5db22c73a993ff0b42f64b396873', 'MANAGERPID': '1067', 'KDE_SESSION_UID': '1000', 'XDG_SESSION_CLASS': 'user', 'PYTHONPATH': '/mnt/Resources/ROS/ROS2/Workspaces/ros2_ws/build/my_py_pkg/prefix_override:/mnt/Resources/ROS/ROS2/Workspaces/ros2_ws/install/my_py_pkg/lib/python3.10/site-packages:/mnt/Resources/ROS/ROS2/Workspaces/ros2_ws/build/my_robot_controller:/mnt/Resources/ROS/ROS2/Workspaces/ros2_ws/install/my_robot_controller/lib/python3.10/site-packages:/mnt/Resources/ROS/ROS2/Workspaces/ros2_ws/build/my_py_pkg:/mnt/Resources/ROS/ROS2/Workspaces/ros2_ws/install/my_py_pkg/lib/python3.10/site-packages:/build/ros2-humble/src/install/lib/python3.10/dist-packages:/opt/ros/humble/lib/python3.10/site-packages', 'COLCON': '1', 'TERM': 'xterm-256color', 'USER': 'arifcse21', 'KDE_SESSION_VERSION': '5', 'PAM_KWALLET5_LOGIN': '/run/user/1000/kwallet5.socket', 'rldbsh': 'source /home/arifcse21/.bashrc', 'DISPLAY': ':0', 'SHLVL': '1', 'XDG_VTNR': '1', 'XDG_SESSION_ID': '2', 'VIRTUAL_ENV_PROMPT': '(ros2env)', 'LD_LIBRARY_PATH': '/opt/ros/humble/opt/yaml_cpp_vendor/lib:/opt/ros/humble/opt/rviz_ogre_vendor/lib:/opt/ros/humble/lib', 'XDG_RUNTIME_DIR': '/run/user/1000', 'ROS_LOCALHOST_ONLY': '0', 'MKLROOT': '/opt/intel/oneapi/mkl/latest', 'DEBUGINFOD_URLS': 'https://debuginfod.archlinux.org', 'QT_AUTO_SCREEN_SCALE_FACTOR': '0', 'JOURNAL_STREAM': '8:27486', 'XCURSOR_THEME': 'LyraQ-cursors', 'KDE_FULL_SESSION': 'true', 'PATH': '/opt/ros/humble/bin:/mnt/Resources/ROS/ROS2/Workspaces/ros2env/bin:/usr/local/sbin:/usr/local/bin:/usr/bin:/usr/lib/jvm/default/bin:/usr/bin/site_perl:/usr/bin/vendor_perl:/usr/bin/core_perl:/home/arifcse21/.local/share/JetBrains/Toolbox/scripts', 'DBUS_SESSION_BUS_ADDRESS': 'unix:path=/run/user/1000/bus', 'KDE_APPLICATIONS_AS_SCOPE': '1', 'MAIL': '/var/spool/mail/arifcse21', 'ROS_DISTRO': 'humble', 'OLDPWD': '/mnt/Resources/ROS/ROS2/Workspaces', '_': '/usr/bin/env'}, 'shell': False}
[2.209582] (-) TimerEvent: {}
[2.309882] (-) TimerEvent: {}
[2.410162] (-) TimerEvent: {}
[2.510444] (-) TimerEvent: {}
[2.602332] (my_py_pkg) StdoutLine: {'line': b'running egg_info\n'}
[2.610178] (my_py_pkg) StdoutLine: {'line': b"writing manifest file '../../build/my_py_pkg/my_py_pkg.egg-info/SOURCES.txt'\n"}
[2.610400] (my_py_pkg) StdoutLine: {'line': b'running build\n'}
[2.610479] (-) TimerEvent: {}
[2.610583] (my_py_pkg) StdoutLine: {'line': b'running build_py\n'}
[2.610718] (my_py_pkg) StdoutLine: {'line': b'copying my_py_pkg/speaker_node.py -> /mnt/Resources/ROS/ROS2/Workspaces/ros2_ws/build/my_py_pkg/build/lib/my_py_pkg\n'}
[2.611093] (my_py_pkg) StdoutLine: {'line': b'running install\n'}
[2.612555] (my_py_pkg) StdoutLine: {'line': b'running install_lib\n'}
[2.614692] (my_py_pkg) StdoutLine: {'line': b'byte-compiling /mnt/Resources/ROS/ROS2/Workspaces/ros2_ws/install/my_py_pkg/lib/python3.10/site-packages/my_py_pkg/speaker_node.py to speaker_node.cpython-310.pyc\n'}
[2.615573] (my_py_pkg) StdoutLine: {'line': b'running install_data\n'}
[2.616938] (my_py_pkg) StdoutLine: {'line': b'running install_egg_info\n'}
[2.619519] (my_py_pkg) StdoutLine: {'line': b"removing '/mnt/Resources/ROS/ROS2/Workspaces/ros2_ws/install/my_py_pkg/lib/python3.10/site-packages/my_py_pkg-0.0.0-py3.10.egg-info' (and everything under it)\n"}
[2.620044] (my_py_pkg) StdoutLine: {'line': b'Copying ../../build/my_py_pkg/my_py_pkg.egg-info to /mnt/Resources/ROS/ROS2/Workspaces/ros2_ws/install/my_py_pkg/lib/python3.10/site-packages/my_py_pkg-0.0.0-py3.10.egg-info\n'}
[2.621428] (my_py_pkg) StdoutLine: {'line': b'running install_scripts\n'}
[2.651099] (my_py_pkg) StdoutLine: {'line': b"writing list of installed files to '/mnt/Resources/ROS/ROS2/Workspaces/ros2_ws/build/my_py_pkg/install.log'\n"}
[2.687187] (my_py_pkg) CommandEnded: {'returncode': 0}
[2.711623] (-) TimerEvent: {}
[2.726887] (my_py_pkg) JobEnded: {'identifier': 'my_py_pkg', 'rc': 0}
[2.727694] (-) EventReactorShutdown: {}
