[0.000000] (-) TimerEvent: {}
[0.002139] (my_robot_controller) JobQueued: {'identifier': 'my_robot_controller', 'dependencies': OrderedDict()}
[0.002238] (my_robot_controller) JobStarted: {'identifier': 'my_robot_controller'}
[0.098415] (-) TimerEvent: {}
[0.198720] (-) TimerEvent: {}
[0.299039] (-) TimerEvent: {}
[0.399358] (-) TimerEvent: {}
[0.499699] (-) TimerEvent: {}
[0.605029] (-) TimerEvent: {}
[0.705341] (-) TimerEvent: {}
[0.805636] (-) TimerEvent: {}
[0.905945] (-) TimerEvent: {}
[1.006207] (-) TimerEvent: {}
[1.106502] (-) TimerEvent: {}
[1.206817] (-) TimerEvent: {}
[1.307109] (-) TimerEvent: {}
[1.407329] (-) TimerEvent: {}
[1.507614] (-) TimerEvent: {}
[1.538310] (my_robot_controller) Command: {'cmd': ['/usr/bin/python', 'setup.py', 'develop', '--prefix', '/mnt/Resources/ROS/ROS2/Workspaces/ros2_ws/install/my_robot_controller', '--editable', '--build-directory', '/mnt/Resources/ROS/ROS2/Workspaces/ros2_ws/build/my_robot_controller/build', '--no-deps', 'install_data', '--install-dir', '/mnt/Resources/ROS/ROS2/Workspaces/ros2_ws/install/my_robot_controller'], 'cwd': '/mnt/Resources/ROS/ROS2/Workspaces/ros2_ws/build/my_robot_controller', 'env': {'SHELL': '/bin/bash', 'ROS_VERSION': '2', 'SESSION_MANAGER': 'local/ARCH:@/tmp/.ICE-unix/1077,unix/ARCH:/tmp/.ICE-unix/1077', 'QT_SCREEN_SCALE_FACTORS': 'eDP-1=1.125;DP-1=1.125;HDMI-1=1.125;HDMI-2=1.125;', 'COLORTERM': 'truecolor', 'XDG_CONFIG_DIRS': '/home/arifcse21/.config/kdedefaults:/etc/xdg', 'XDG_SESSION_PATH': '/org/freedesktop/DisplayManager/Session1', 'PKG_CONFIG_PATH': '/opt/ros/humble/lib/pkgconfig', 'ROS_PYTHON_VERSION': '3', 'TERMINATOR_DBUS_PATH': '/net/tenshu/Terminator2', 'TERMINATOR_UUID': 'urn:uuid:28e642d4-b4fc-4730-a840-801e75cfcc4f', 'DESKTOP_SESSION': 'plasma', 'GTK_RC_FILES': '/etc/gtk/gtkrc:/home/arifcse21/.gtkrc:/home/arifcse21/.config/gtkrc', 'XCURSOR_SIZE': '48', 'EDITOR': 'vim', 'GTK_MODULES': 'canberra-gtk-module', 'XDG_SEAT': 'seat0', 'PWD': '/mnt/Resources/ROS/ROS2/Workspaces/ros2_ws/build/my_robot_controller', 'XDG_SESSION_DESKTOP': 'KDE', 'LOGNAME': 'arifcse21', 'XDG_SESSION_TYPE': 'x11', 'ROS_DOMAIN_ID': '42', 'SYSTEMD_EXEC_PID': '1263', 'XAUTHORITY': '/home/arifcse21/.Xauthority', 'MOTD_SHOWN': 'pam', 'GTK2_RC_FILES': '/etc/gtk-2.0/gtkrc:/home/arifcse21/.gtkrc-2.0:/home/arifcse21/.config/gtkrc-2.0', 'HOME': '/home/arifcse21', 'LANG': 'en_US.UTF-8', 'XDG_CURRENT_DESKTOP': 'KDE', 'VIRTUAL_ENV': '/mnt/Resources/ROS/ROS2/Workspaces/ros2env', 'VTE_VERSION': '6800', 'AMENT_PREFIX_PATH': '/mnt/Resources/ROS/ROS2/Workspaces/ros2_ws/install/my_robot_controller:/opt/ros/humble', 'CMAKE_PREFIX_PATH': '/opt/ros/humble', 'XDG_SEAT_PATH': '/org/freedesktop/DisplayManager/Seat0', 'COLCON_PREFIX_PATH': '/mnt/Resources/ROS/ROS2/Workspaces/ros2_ws/install:/opt/ros/humble', 'INVOCATION_ID': '48e83402a1e446e1a818c8e12145d38d', 'TERMINATOR_DBUS_NAME': 'net.tenshu.Terminator21a9d5db22c73a993ff0b42f64b396873', 'MANAGERPID': '993', 'KDE_SESSION_UID': '1000', 'XDG_SESSION_CLASS': 'user', 'PYTHONPATH': '/mnt/Resources/ROS/ROS2/Workspaces/ros2_ws/install/my_robot_controller/lib/python3.10/site-packages:/mnt/Resources/ROS/ROS2/Workspaces/ros2_ws/build/my_robot_controller:/mnt/Resources/ROS/ROS2/Workspaces/ros2_ws/install/my_robot_controller/lib/python3.10/site-packages:/build/ros2-humble/src/install/lib/python3.10/dist-packages:/opt/ros/humble/lib/python3.10/site-packages', 'COLCON': '1', 'TERM': 'xterm-256color', 'USER': 'arifcse21', 'KDE_SESSION_VERSION': '5', 'PAM_KWALLET5_LOGIN': '/run/user/1000/kwallet5.socket', 'DISPLAY': ':0', 'SHLVL': '1', 'XDG_VTNR': '1', 'XDG_SESSION_ID': '2', 'VIRTUAL_ENV_PROMPT': '(ros2env)', 'LD_LIBRARY_PATH': '/opt/ros/humble/opt/yaml_cpp_vendor/lib:/opt/ros/humble/opt/rviz_ogre_vendor/lib:/opt/ros/humble/lib', 'XDG_RUNTIME_DIR': '/run/user/1000', 'ROS_LOCALHOST_ONLY': '0', 'MKLROOT': '/opt/intel/oneapi/mkl/latest', 'QT_AUTO_SCREEN_SCALE_FACTOR': '0', 'JOURNAL_STREAM': '8:25895', 'XCURSOR_THEME': 'LyraQ-cursors', 'KDE_FULL_SESSION': 'true', 'PATH': '/mnt/Resources/ROS/ROS2/Workspaces/ros2env/bin:/opt/ros/humble/bin:/usr/local/sbin:/usr/local/bin:/usr/bin:/usr/lib/jvm/default/bin:/usr/bin/site_perl:/usr/bin/vendor_perl:/usr/bin/core_perl:/home/arifcse21/.local/share/JetBrains/Toolbox/scripts', 'DBUS_SESSION_BUS_ADDRESS': 'unix:path=/run/user/1000/bus', 'KDE_APPLICATIONS_AS_SCOPE': '1', 'MAIL': '/var/spool/mail/arifcse21', 'ROS_DISTRO': 'humble', 'OLDPWD': '/mnt/Resources/ROS/ROS2/Workspaces/ros2_ws/src', '_': '/usr/bin/env'}, 'shell': False}
[1.607709] (-) TimerEvent: {}
[1.708024] (-) TimerEvent: {}
[1.808335] (-) TimerEvent: {}
[1.908867] (-) TimerEvent: {}
[2.009152] (-) TimerEvent: {}
[2.099048] (my_robot_controller) StdoutLine: {'line': b'running develop\n'}
[2.109241] (-) TimerEvent: {}
[2.209545] (-) TimerEvent: {}
[2.309827] (-) TimerEvent: {}
[2.410100] (-) TimerEvent: {}
[2.510363] (-) TimerEvent: {}
[2.608674] (my_robot_controller) StdoutLine: {'line': b'running egg_info\n'}
[2.610451] (-) TimerEvent: {}
[2.613528] (my_robot_controller) StdoutLine: {'line': b"writing manifest file 'my_robot_controller.egg-info/SOURCES.txt'\n"}
[2.662209] (my_robot_controller) StdoutLine: {'line': b'running build_ext\n'}
[2.663757] (my_robot_controller) StdoutLine: {'line': b'running install_data\n'}
[2.710559] (-) TimerEvent: {}
[2.717228] (my_robot_controller) CommandEnded: {'returncode': 0}
[2.770060] (my_robot_controller) JobEnded: {'identifier': 'my_robot_controller', 'rc': 0}
[2.770961] (-) EventReactorShutdown: {}
