running egg_info
creating ../build/my_robot_controller/my_robot_controller.egg-info
writing manifest file '../build/my_robot_controller/my_robot_controller.egg-info/SOURCES.txt'
writing manifest file '../build/my_robot_controller/my_robot_controller.egg-info/SOURCES.txt'
running build
running build_py
creating /mnt/Resources/ROS/ROS2/Workspaces/ros2_ws/src/build/my_robot_controller/build
creating /mnt/Resources/ROS/ROS2/Workspaces/ros2_ws/src/build/my_robot_controller/build/lib
creating /mnt/Resources/ROS/ROS2/Workspaces/ros2_ws/src/build/my_robot_controller/build/lib/my_robot_controller
copying my_robot_controller/__init__.py -> /mnt/Resources/ROS/ROS2/Workspaces/ros2_ws/src/build/my_robot_controller/build/lib/my_robot_controller
copying my_robot_controller/turtle_controller.py -> /mnt/Resources/ROS/ROS2/Workspaces/ros2_ws/src/build/my_robot_controller/build/lib/my_robot_controller
copying my_robot_controller/my_first_node.py -> /mnt/Resources/ROS/ROS2/Workspaces/ros2_ws/src/build/my_robot_controller/build/lib/my_robot_controller
copying my_robot_controller/draw_circle.py -> /mnt/Resources/ROS/ROS2/Workspaces/ros2_ws/src/build/my_robot_controller/build/lib/my_robot_controller
copying my_robot_controller/pose_subscriber.py -> /mnt/Resources/ROS/ROS2/Workspaces/ros2_ws/src/build/my_robot_controller/build/lib/my_robot_controller
running install
running install_lib
creating /mnt/Resources/ROS/ROS2/Workspaces/ros2_ws/src/install/my_robot_controller/lib/python3.10/site-packages/my_robot_controller
byte-compiling /mnt/Resources/ROS/ROS2/Workspaces/ros2_ws/src/install/my_robot_controller/lib/python3.10/site-packages/my_robot_controller/__init__.py to __init__.cpython-310.pyc
byte-compiling /mnt/Resources/ROS/ROS2/Workspaces/ros2_ws/src/install/my_robot_controller/lib/python3.10/site-packages/my_robot_controller/turtle_controller.py to turtle_controller.cpython-310.pyc
byte-compiling /mnt/Resources/ROS/ROS2/Workspaces/ros2_ws/src/install/my_robot_controller/lib/python3.10/site-packages/my_robot_controller/my_first_node.py to my_first_node.cpython-310.pyc
byte-compiling /mnt/Resources/ROS/ROS2/Workspaces/ros2_ws/src/install/my_robot_controller/lib/python3.10/site-packages/my_robot_controller/draw_circle.py to draw_circle.cpython-310.pyc
byte-compiling /mnt/Resources/ROS/ROS2/Workspaces/ros2_ws/src/install/my_robot_controller/lib/python3.10/site-packages/my_robot_controller/pose_subscriber.py to pose_subscriber.cpython-310.pyc
running install_data
creating /mnt/Resources/ROS/ROS2/Workspaces/ros2_ws/src/install/my_robot_controller/share/ament_index
creating /mnt/Resources/ROS/ROS2/Workspaces/ros2_ws/src/install/my_robot_controller/share/ament_index/resource_index
creating /mnt/Resources/ROS/ROS2/Workspaces/ros2_ws/src/install/my_robot_controller/share/ament_index/resource_index/packages
copying resource/my_robot_controller -> /mnt/Resources/ROS/ROS2/Workspaces/ros2_ws/src/install/my_robot_controller/share/ament_index/resource_index/packages
copying package.xml -> /mnt/Resources/ROS/ROS2/Workspaces/ros2_ws/src/install/my_robot_controller/share/my_robot_controller
running install_egg_info
Copying ../build/my_robot_controller/my_robot_controller.egg-info to /mnt/Resources/ROS/ROS2/Workspaces/ros2_ws/src/install/my_robot_controller/lib/python3.10/site-packages/my_robot_controller-0.0.0-py3.10.egg-info
running install_scripts
writing list of installed files to '/mnt/Resources/ROS/ROS2/Workspaces/ros2_ws/src/build/my_robot_controller/install.log'
