[1.700s] Invoking command in '/mnt/Resources/ROS/ROS2/Workspaces/ros2_ws/build/my_robot_controller': PYTHONPATH=/mnt/Resources/ROS/ROS2/Workspaces/ros2_ws/install/my_robot_controller/lib/python3.10/site-packages:${PYTHONPATH} VIRTUAL_ENV_PROMPT=(ros2env) _=/usr/bin/env /usr/bin/python setup.py develop --prefix /mnt/Resources/ROS/ROS2/Workspaces/ros2_ws/install/my_robot_controller --editable --build-directory /mnt/Resources/ROS/ROS2/Workspaces/ros2_ws/build/my_robot_controller/build --no-deps install_data --install-dir /mnt/Resources/ROS/ROS2/Workspaces/ros2_ws/install/my_robot_controller
[2.260s] running develop
[2.260s] /usr/lib/python3.10/site-packages/setuptools/command/easy_install.py:144: EasyInstallDeprecationWarning: easy_install command is deprecated. Use build and pip and other standards-based tools.
[2.261s]   warnings.warn(
[2.304s] /usr/lib/python3.10/site-packages/setuptools/command/install.py:34: SetuptoolsDeprecationWarning: setup.py install is deprecated. Use build and pip and other standards-based tools.
[2.304s]   warnings.warn(
[2.786s] running egg_info
[2.806s] writing my_robot_controller.egg-info/PKG-INFO
[2.807s] writing dependency_links to my_robot_controller.egg-info/dependency_links.txt
[2.807s] writing entry points to my_robot_controller.egg-info/entry_points.txt
[2.807s] writing requirements to my_robot_controller.egg-info/requires.txt
[2.807s] writing top-level names to my_robot_controller.egg-info/top_level.txt
[2.852s] reading manifest file 'my_robot_controller.egg-info/SOURCES.txt'
[2.853s] writing manifest file 'my_robot_controller.egg-info/SOURCES.txt'
[2.912s] running build_ext
[2.913s] Creating /mnt/Resources/ROS/ROS2/Workspaces/ros2_ws/install/my_robot_controller/lib/python3.10/site-packages/my-robot-controller.egg-link (link to .)
[2.913s] Installing test_node script to /mnt/Resources/ROS/ROS2/Workspaces/ros2_ws/install/my_robot_controller/lib/my_robot_controller
[2.914s] 
[2.914s] Installed /mnt/Resources/ROS/ROS2/Workspaces/ros2_ws/build/my_robot_controller
[2.914s] running install_data
[2.983s] Invoked command in '/mnt/Resources/ROS/ROS2/Workspaces/ros2_ws/build/my_robot_controller' returned '0': PYTHONPATH=/mnt/Resources/ROS/ROS2/Workspaces/ros2_ws/install/my_robot_controller/lib/python3.10/site-packages:${PYTHONPATH} VIRTUAL_ENV_PROMPT=(ros2env) _=/usr/bin/env /usr/bin/python setup.py develop --prefix /mnt/Resources/ROS/ROS2/Workspaces/ros2_ws/install/my_robot_controller --editable --build-directory /mnt/Resources/ROS/ROS2/Workspaces/ros2_ws/build/my_robot_controller/build --no-deps install_data --install-dir /mnt/Resources/ROS/ROS2/Workspaces/ros2_ws/install/my_robot_controller
