[0.000000] (-) TimerEvent: {}
[0.000144] (my_robot_controller) JobQueued: {'identifier': 'my_robot_controller', 'dependencies': OrderedDict()}
[0.002471] (my_robot_controller) JobStarted: {'identifier': 'my_robot_controller'}
[0.099811] (-) TimerEvent: {}
[0.200203] (-) TimerEvent: {}
[0.300470] (-) TimerEvent: {}
[0.400741] (-) TimerEvent: {}
[0.501001] (-) TimerEvent: {}
[0.601286] (-) TimerEvent: {}
[0.701542] (-) TimerEvent: {}
[0.801836] (-) TimerEvent: {}
[0.902106] (-) TimerEvent: {}
[1.002349] (-) TimerEvent: {}
[1.102618] (-) TimerEvent: {}
[1.202917] (-) TimerEvent: {}
[1.303187] (-) TimerEvent: {}
[1.403542] (-) TimerEvent: {}
[1.504159] (-) TimerEvent: {}
[1.604989] (-) TimerEvent: {}
[1.705336] (-) TimerEvent: {}
[1.805982] (-) TimerEvent: {}
[1.906567] (-) TimerEvent: {}
[2.007145] (-) TimerEvent: {}
[2.107602] (-) TimerEvent: {}
[2.208164] (-) TimerEvent: {}
[2.308770] (-) TimerEvent: {}
[2.409368] (-) TimerEvent: {}
[2.510033] (-) TimerEvent: {}
[2.612064] (-) TimerEvent: {}
[2.712665] (-) TimerEvent: {}
[2.813069] (-) TimerEvent: {}
[2.913824] (-) TimerEvent: {}
[3.014486] (-) TimerEvent: {}
[3.114998] (-) TimerEvent: {}
[3.215899] (-) TimerEvent: {}
[3.316190] (-) TimerEvent: {}
[3.416577] (-) TimerEvent: {}
[3.517243] (-) TimerEvent: {}
[3.617909] (-) TimerEvent: {}
[3.718622] (-) TimerEvent: {}
[3.819341] (-) TimerEvent: {}
[3.920096] (-) TimerEvent: {}
[4.020673] (-) TimerEvent: {}
[4.121315] (-) TimerEvent: {}
[4.222052] (-) TimerEvent: {}
[4.322640] (-) TimerEvent: {}
[4.423046] (-) TimerEvent: {}
[4.523635] (-) TimerEvent: {}
[4.624073] (-) TimerEvent: {}
[4.724440] (-) TimerEvent: {}
[4.824844] (-) TimerEvent: {}
[4.925271] (-) TimerEvent: {}
[5.025717] (-) TimerEvent: {}
[5.126053] (-) TimerEvent: {}
[5.226379] (-) TimerEvent: {}
[5.326662] (-) TimerEvent: {}
[5.426438] (my_robot_controller) Command: {'cmd': ['/usr/bin/python', 'setup.py', 'egg_info', '--egg-base', '../../build/my_robot_controller', 'build', '--build-base', '/mnt/Resources/ROS/ROS2/Workspaces/ros2_ws/build/my_robot_controller/build', 'install', '--prefix', '/mnt/Resources/ROS/ROS2/Workspaces/ros2_ws/install/my_robot_controller', '--record', '/mnt/Resources/ROS/ROS2/Workspaces/ros2_ws/build/my_robot_controller/install.log', '--single-version-externally-managed'], 'cwd': '/mnt/Resources/ROS/ROS2/Workspaces/ros2_ws/src/my_robot_controller', 'env': {'SHELL': '/bin/bash', 'ROS_VERSION': '2', 'SESSION_MANAGER': 'local/ARCH:@/tmp/.ICE-unix/1101,unix/ARCH:/tmp/.ICE-unix/1101', 'QT_SCREEN_SCALE_FACTORS': 'eDP-1=1.125;DP-1=1.125;HDMI-1=1.125;HDMI-2=1.125;', 'COLORTERM': 'truecolor', 'XDG_CONFIG_DIRS': '/home/arifcse21/.config/kdedefaults:/etc/xdg', 'XDG_SESSION_PATH': '/org/freedesktop/DisplayManager/Session1', 'PKG_CONFIG_PATH': '/opt/ros/humble/lib/pkgconfig', 'ROS_PYTHON_VERSION': '3', 'TERMINATOR_DBUS_PATH': '/net/tenshu/Terminator2', 'TERMINATOR_UUID': 'urn:uuid:4e9297f5-0308-46a5-9329-1eee9f599614', 'DESKTOP_SESSION': 'plasma', 'GTK_RC_FILES': '/etc/gtk/gtkrc:/home/arifcse21/.gtkrc:/home/arifcse21/.config/gtkrc', 'XCURSOR_SIZE': '48', 'EDITOR': 'vim', 'GTK_MODULES': 'canberra-gtk-module', 'XDG_SEAT': 'seat0', 'PWD': '/mnt/Resources/ROS/ROS2/Workspaces/ros2_ws/build/my_robot_controller', 'XDG_SESSION_DESKTOP': 'KDE', 'LOGNAME': 'arifcse21', 'XDG_SESSION_TYPE': 'x11', 'ROS_DOMAIN_ID': '42', 'SYSTEMD_EXEC_PID': '1279', 'XAUTHORITY': '/home/arifcse21/.Xauthority', 'MOTD_SHOWN': 'pam', 'GTK2_RC_FILES': '/etc/gtk-2.0/gtkrc:/home/arifcse21/.gtkrc-2.0:/home/arifcse21/.config/gtkrc-2.0', 'HOME': '/home/arifcse21', 'LANG': 'en_US.UTF-8', 'XDG_CURRENT_DESKTOP': 'KDE', 'VTE_VERSION': '6800', 'AMENT_PREFIX_PATH': '/opt/ros/humble', 'CMAKE_PREFIX_PATH': '/opt/ros/humble', 'XDG_SEAT_PATH': '/org/freedesktop/DisplayManager/Seat0', 'COLCON_PREFIX_PATH': '/mnt/Resources/ROS/ROS2/Workspaces/ros2_ws/install:/opt/ros/humble', 'INVOCATION_ID': '837931c4860b45d1a14e14fe24d915ae', 'TERMINATOR_DBUS_NAME': 'net.tenshu.Terminator21a9d5db22c73a993ff0b42f64b396873', 'MANAGERPID': '1010', 'KDE_SESSION_UID': '1000', 'XDG_SESSION_CLASS': 'user', 'PYTHONPATH': '/mnt/Resources/ROS/ROS2/Workspaces/ros2_ws/install/my_robot_controller/lib/python3.10/site-packages:/build/ros2-humble/src/install/lib/python3.10/dist-packages:/opt/ros/humble/lib/python3.10/site-packages', 'COLCON': '1', 'TERM': 'xterm-256color', 'USER': 'arifcse21', 'KDE_SESSION_VERSION': '5', 'PAM_KWALLET5_LOGIN': '/run/user/1000/kwallet5.socket', 'DISPLAY': ':0', 'SHLVL': '1', 'XDG_VTNR': '1', 'XDG_SESSION_ID': '2', 'LD_LIBRARY_PATH': '/opt/ros/humble/opt/yaml_cpp_vendor/lib:/opt/ros/humble/opt/rviz_ogre_vendor/lib:/opt/ros/humble/lib', 'XDG_RUNTIME_DIR': '/run/user/1000', 'ROS_LOCALHOST_ONLY': '0', 'MKLROOT': '/opt/intel/oneapi/mkl/latest', 'QT_AUTO_SCREEN_SCALE_FACTOR': '0', 'JOURNAL_STREAM': '8:25301', 'XCURSOR_THEME': 'LyraQ-cursors', 'KDE_FULL_SESSION': 'true', 'PATH': '/opt/ros/humble/bin:/usr/local/sbin:/usr/local/bin:/usr/bin:/usr/lib/jvm/default/bin:/usr/bin/site_perl:/usr/bin/vendor_perl:/usr/bin/core_perl:/home/arifcse21/.local/share/JetBrains/Toolbox/scripts', 'DBUS_SESSION_BUS_ADDRESS': 'unix:path=/run/user/1000/bus', 'KDE_APPLICATIONS_AS_SCOPE': '1', 'MAIL': '/var/spool/mail/arifcse21', 'ROS_DISTRO': 'humble', 'OLDPWD': '/mnt/Resources/ROS/ROS2/Workspaces/ros2_ws/src', '_': '/usr/bin/env'}, 'shell': False}
[5.431000] (-) TimerEvent: {}
[5.531382] (-) TimerEvent: {}
[5.632006] (-) TimerEvent: {}
[5.732537] (-) TimerEvent: {}
[5.832784] (-) TimerEvent: {}
[5.933042] (-) TimerEvent: {}
[6.033309] (-) TimerEvent: {}
[6.128253] (my_robot_controller) StdoutLine: {'line': b'running egg_info\n'}
[6.129282] (my_robot_controller) StdoutLine: {'line': b'creating ../../build/my_robot_controller/my_robot_controller.egg-info\n'}
[6.133414] (-) TimerEvent: {}
[6.156807] (my_robot_controller) StdoutLine: {'line': b'writing ../../build/my_robot_controller/my_robot_controller.egg-info/PKG-INFO\n'}
[6.157133] (my_robot_controller) StdoutLine: {'line': b'writing dependency_links to ../../build/my_robot_controller/my_robot_controller.egg-info/dependency_links.txt\n'}
[6.157507] (my_robot_controller) StdoutLine: {'line': b'writing requirements to ../../build/my_robot_controller/my_robot_controller.egg-info/requires.txt\n'}
[6.157716] (my_robot_controller) StdoutLine: {'line': b'writing top-level names to ../../build/my_robot_controller/my_robot_controller.egg-info/top_level.txt\n'}
[6.157905] (my_robot_controller) StdoutLine: {'line': b"writing manifest file '../../build/my_robot_controller/my_robot_controller.egg-info/SOURCES.txt'\n"}
[6.221188] (my_robot_controller) StdoutLine: {'line': b"reading manifest file '../../build/my_robot_controller/my_robot_controller.egg-info/SOURCES.txt'\n"}
[6.222145] (my_robot_controller) StdoutLine: {'line': b"writing manifest file '../../build/my_robot_controller/my_robot_controller.egg-info/SOURCES.txt'\n"}
[6.222376] (my_robot_controller) StdoutLine: {'line': b'running build\n'}
[6.222566] (my_robot_controller) StdoutLine: {'line': b'running build_py\n'}
[6.222798] (my_robot_controller) StdoutLine: {'line': b'creating /mnt/Resources/ROS/ROS2/Workspaces/ros2_ws/build/my_robot_controller/build\n'}
[6.222991] (my_robot_controller) StdoutLine: {'line': b'creating /mnt/Resources/ROS/ROS2/Workspaces/ros2_ws/build/my_robot_controller/build/lib\n'}
[6.223163] (my_robot_controller) StdoutLine: {'line': b'creating /mnt/Resources/ROS/ROS2/Workspaces/ros2_ws/build/my_robot_controller/build/lib/my_robot_controller\n'}
[6.223357] (my_robot_controller) StdoutLine: {'line': b'copying my_robot_controller/__init__.py -> /mnt/Resources/ROS/ROS2/Workspaces/ros2_ws/build/my_robot_controller/build/lib/my_robot_controller\n'}
[6.223509] (my_robot_controller) StdoutLine: {'line': b'running install\n'}
[6.223656] (my_robot_controller) StderrLine: {'line': b'/usr/lib/python3.10/site-packages/setuptools/command/install.py:34: SetuptoolsDeprecationWarning: setup.py install is deprecated. Use build and pip and other standards-based tools.\n'}
[6.223837] (my_robot_controller) StderrLine: {'line': b'  warnings.warn(\n'}
[6.232445] (my_robot_controller) StdoutLine: {'line': b'running install_lib\n'}
[6.233520] (-) TimerEvent: {}
[6.264674] (my_robot_controller) StdoutLine: {'line': b'creating /mnt/Resources/ROS/ROS2/Workspaces/ros2_ws/install/my_robot_controller/lib/python3.10/site-packages/my_robot_controller\n'}
[6.264967] (my_robot_controller) StdoutLine: {'line': b'copying /mnt/Resources/ROS/ROS2/Workspaces/ros2_ws/build/my_robot_controller/build/lib/my_robot_controller/__init__.py -> /mnt/Resources/ROS/ROS2/Workspaces/ros2_ws/install/my_robot_controller/lib/python3.10/site-packages/my_robot_controller\n'}
[6.266167] (my_robot_controller) StdoutLine: {'line': b'byte-compiling /mnt/Resources/ROS/ROS2/Workspaces/ros2_ws/install/my_robot_controller/lib/python3.10/site-packages/my_robot_controller/__init__.py to __init__.cpython-310.pyc\n'}
[6.266533] (my_robot_controller) StdoutLine: {'line': b'running install_data\n'}
[6.294888] (my_robot_controller) StdoutLine: {'line': b'creating /mnt/Resources/ROS/ROS2/Workspaces/ros2_ws/install/my_robot_controller/share/ament_index\n'}
[6.295145] (my_robot_controller) StdoutLine: {'line': b'creating /mnt/Resources/ROS/ROS2/Workspaces/ros2_ws/install/my_robot_controller/share/ament_index/resource_index\n'}
[6.295351] (my_robot_controller) StdoutLine: {'line': b'creating /mnt/Resources/ROS/ROS2/Workspaces/ros2_ws/install/my_robot_controller/share/ament_index/resource_index/packages\n'}
[6.295500] (my_robot_controller) StdoutLine: {'line': b'copying resource/my_robot_controller -> /mnt/Resources/ROS/ROS2/Workspaces/ros2_ws/install/my_robot_controller/share/ament_index/resource_index/packages\n'}
[6.295627] (my_robot_controller) StdoutLine: {'line': b'copying package.xml -> /mnt/Resources/ROS/ROS2/Workspaces/ros2_ws/install/my_robot_controller/share/my_robot_controller\n'}
[6.295751] (my_robot_controller) StdoutLine: {'line': b'running install_egg_info\n'}
[6.323981] (my_robot_controller) StdoutLine: {'line': b'Copying ../../build/my_robot_controller/my_robot_controller.egg-info to /mnt/Resources/ROS/ROS2/Workspaces/ros2_ws/install/my_robot_controller/lib/python3.10/site-packages/my_robot_controller-0.0.0-py3.10.egg-info\n'}
[6.324897] (my_robot_controller) StdoutLine: {'line': b'running install_scripts\n'}
[6.333616] (-) TimerEvent: {}
[6.433922] (-) TimerEvent: {}
[6.469335] (my_robot_controller) StdoutLine: {'line': b"writing list of installed files to '/mnt/Resources/ROS/ROS2/Workspaces/ros2_ws/build/my_robot_controller/install.log'\n"}
[6.516534] (my_robot_controller) CommandEnded: {'returncode': 0}
[6.534125] (-) TimerEvent: {}
[6.638136] (-) TimerEvent: {}
[6.738880] (-) TimerEvent: {}
[6.839518] (-) TimerEvent: {}
[6.945213] (-) TimerEvent: {}
[7.045984] (-) TimerEvent: {}
[7.146681] (-) TimerEvent: {}
[7.247301] (-) TimerEvent: {}
[7.250127] (my_robot_controller) JobEnded: {'identifier': 'my_robot_controller', 'rc': 0}
[7.252062] (-) EventReactorShutdown: {}
