[0.000000] (-) TimerEvent: {}
[0.000167] (my_robot_controller) JobQueued: {'identifier': 'my_robot_controller', 'dependencies': OrderedDict()}
[0.000238] (my_robot_controller) JobStarted: {'identifier': 'my_robot_controller'}
[0.095850] (-) TimerEvent: {}
[0.196173] (-) TimerEvent: {}
[0.296522] (-) TimerEvent: {}
[0.396848] (-) TimerEvent: {}
[0.497177] (-) TimerEvent: {}
[0.597695] (-) TimerEvent: {}
[0.698014] (-) TimerEvent: {}
[0.798535] (-) TimerEvent: {}
[0.899206] (-) TimerEvent: {}
[0.999490] (-) TimerEvent: {}
[1.099763] (-) TimerEvent: {}
[1.200044] (-) TimerEvent: {}
[1.300332] (-) TimerEvent: {}
[1.400622] (-) TimerEvent: {}
[1.500977] (-) TimerEvent: {}
[1.601770] (-) TimerEvent: {}
[1.702346] (-) TimerEvent: {}
[1.803004] (-) TimerEvent: {}
[1.903397] (-) TimerEvent: {}
[2.003724] (-) TimerEvent: {}
[2.104454] (-) TimerEvent: {}
[2.205021] (-) TimerEvent: {}
[2.305602] (-) TimerEvent: {}
[2.406357] (-) TimerEvent: {}
[2.506936] (-) TimerEvent: {}
[2.607321] (-) TimerEvent: {}
[2.707932] (-) TimerEvent: {}
[2.808492] (-) TimerEvent: {}
[2.909099] (-) TimerEvent: {}
[3.009775] (-) TimerEvent: {}
[3.110361] (-) TimerEvent: {}
[3.211024] (-) TimerEvent: {}
[3.311688] (-) TimerEvent: {}
[3.412180] (-) TimerEvent: {}
[3.513099] (-) TimerEvent: {}
[3.614092] (-) TimerEvent: {}
[3.715246] (-) TimerEvent: {}
[3.816077] (-) TimerEvent: {}
[3.916761] (-) TimerEvent: {}
[4.017268] (-) TimerEvent: {}
[4.118026] (-) TimerEvent: {}
[4.218788] (-) TimerEvent: {}
[4.319695] (-) TimerEvent: {}
[4.420358] (-) TimerEvent: {}
[4.520857] (-) TimerEvent: {}
[4.621695] (-) TimerEvent: {}
[4.722349] (-) TimerEvent: {}
[4.823230] (-) TimerEvent: {}
[4.923975] (-) TimerEvent: {}
[5.024727] (-) TimerEvent: {}
[5.125075] (-) TimerEvent: {}
[5.225815] (-) TimerEvent: {}
[5.326525] (-) TimerEvent: {}
[5.427093] (-) TimerEvent: {}
[5.527463] (-) TimerEvent: {}
[5.627871] (-) TimerEvent: {}
[5.728276] (-) TimerEvent: {}
[5.828755] (-) TimerEvent: {}
[5.929091] (-) TimerEvent: {}
[5.942885] (my_robot_controller) Command: {'cmd': ['/usr/bin/python', 'setup.py', 'egg_info', '--egg-base', '../../build/my_robot_controller', 'build', '--build-base', '/mnt/Resources/ROS/ROS2/Workspaces/ros2_ws/build/my_robot_controller/build', 'install', '--prefix', '/mnt/Resources/ROS/ROS2/Workspaces/ros2_ws/install/my_robot_controller', '--record', '/mnt/Resources/ROS/ROS2/Workspaces/ros2_ws/build/my_robot_controller/install.log', '--single-version-externally-managed'], 'cwd': '/mnt/Resources/ROS/ROS2/Workspaces/ros2_ws/src/my_robot_controller', 'env': {'SHELL': '/bin/bash', 'ROS_VERSION': '2', 'SESSION_MANAGER': 'local/ARCH:@/tmp/.ICE-unix/1077,unix/ARCH:/tmp/.ICE-unix/1077', 'QT_SCREEN_SCALE_FACTORS': 'eDP-1=1.125;DP-1=1.125;HDMI-1=1.125;HDMI-2=1.125;', 'COLORTERM': 'truecolor', 'XDG_CONFIG_DIRS': '/home/arifcse21/.config/kdedefaults:/etc/xdg', 'XDG_SESSION_PATH': '/org/freedesktop/DisplayManager/Session1', 'PKG_CONFIG_PATH': '/opt/ros/humble/lib/pkgconfig', 'ROS_PYTHON_VERSION': '3', 'TERMINATOR_DBUS_PATH': '/net/tenshu/Terminator2', 'TERMINATOR_UUID': 'urn:uuid:28e642d4-b4fc-4730-a840-801e75cfcc4f', 'DESKTOP_SESSION': 'plasma', 'GTK_RC_FILES': '/etc/gtk/gtkrc:/home/arifcse21/.gtkrc:/home/arifcse21/.config/gtkrc', 'XCURSOR_SIZE': '48', 'EDITOR': 'vim', 'GTK_MODULES': 'canberra-gtk-module', 'XDG_SEAT': 'seat0', 'PWD': '/mnt/Resources/ROS/ROS2/Workspaces/ros2_ws/build/my_robot_controller', 'XDG_SESSION_DESKTOP': 'KDE', 'LOGNAME': 'arifcse21', 'XDG_SESSION_TYPE': 'x11', 'ROS_DOMAIN_ID': '42', 'SYSTEMD_EXEC_PID': '1263', 'XAUTHORITY': '/home/arifcse21/.Xauthority', 'MOTD_SHOWN': 'pam', 'GTK2_RC_FILES': '/etc/gtk-2.0/gtkrc:/home/arifcse21/.gtkrc-2.0:/home/arifcse21/.config/gtkrc-2.0', 'HOME': '/home/arifcse21', 'LANG': 'en_US.UTF-8', 'XDG_CURRENT_DESKTOP': 'KDE', 'VIRTUAL_ENV': '/mnt/Resources/ROS/ROS2/Workspaces/ros2env', 'VTE_VERSION': '6800', 'AMENT_PREFIX_PATH': '/mnt/Resources/ROS/ROS2/Workspaces/ros2_ws/install/my_robot_controller:/opt/ros/humble', 'CMAKE_PREFIX_PATH': '/opt/ros/humble', 'XDG_SEAT_PATH': '/org/freedesktop/DisplayManager/Seat0', 'COLCON_PREFIX_PATH': '/mnt/Resources/ROS/ROS2/Workspaces/ros2_ws/install:/opt/ros/humble', 'INVOCATION_ID': '48e83402a1e446e1a818c8e12145d38d', 'TERMINATOR_DBUS_NAME': 'net.tenshu.Terminator21a9d5db22c73a993ff0b42f64b396873', 'MANAGERPID': '993', 'KDE_SESSION_UID': '1000', 'XDG_SESSION_CLASS': 'user', 'PYTHONPATH': '/mnt/Resources/ROS/ROS2/Workspaces/ros2_ws/install/my_robot_controller/lib/python3.10/site-packages:/mnt/Resources/ROS/ROS2/Workspaces/ros2_ws/install/my_robot_controller/lib/python3.10/site-packages:/build/ros2-humble/src/install/lib/python3.10/dist-packages:/opt/ros/humble/lib/python3.10/site-packages', 'COLCON': '1', 'TERM': 'xterm-256color', 'USER': 'arifcse21', 'KDE_SESSION_VERSION': '5', 'PAM_KWALLET5_LOGIN': '/run/user/1000/kwallet5.socket', 'DISPLAY': ':0', 'SHLVL': '1', 'XDG_VTNR': '1', 'XDG_SESSION_ID': '2', 'VIRTUAL_ENV_PROMPT': '(ros2env)', 'LD_LIBRARY_PATH': '/opt/ros/humble/opt/yaml_cpp_vendor/lib:/opt/ros/humble/opt/rviz_ogre_vendor/lib:/opt/ros/humble/lib', 'XDG_RUNTIME_DIR': '/run/user/1000', 'ROS_LOCALHOST_ONLY': '0', 'MKLROOT': '/opt/intel/oneapi/mkl/latest', 'QT_AUTO_SCREEN_SCALE_FACTOR': '0', 'JOURNAL_STREAM': '8:25895', 'XCURSOR_THEME': 'LyraQ-cursors', 'KDE_FULL_SESSION': 'true', 'PATH': '/mnt/Resources/ROS/ROS2/Workspaces/ros2env/bin:/opt/ros/humble/bin:/usr/local/sbin:/usr/local/bin:/usr/bin:/usr/lib/jvm/default/bin:/usr/bin/site_perl:/usr/bin/vendor_perl:/usr/bin/core_perl:/home/arifcse21/.local/share/JetBrains/Toolbox/scripts', 'DBUS_SESSION_BUS_ADDRESS': 'unix:path=/run/user/1000/bus', 'KDE_APPLICATIONS_AS_SCOPE': '1', 'MAIL': '/var/spool/mail/arifcse21', 'ROS_DISTRO': 'humble', 'OLDPWD': '/mnt/Resources/ROS/ROS2/Workspaces/ros2_ws/src', '_': '/usr/bin/env'}, 'shell': False}
[6.029188] (-) TimerEvent: {}
[6.129563] (-) TimerEvent: {}
[6.229891] (-) TimerEvent: {}
[6.330221] (-) TimerEvent: {}
[6.430589] (-) TimerEvent: {}
[6.530938] (-) TimerEvent: {}
[6.631218] (-) TimerEvent: {}
[6.657432] (my_robot_controller) StdoutLine: {'line': b'running egg_info\n'}
[6.688322] (my_robot_controller) StdoutLine: {'line': b'writing ../../build/my_robot_controller/my_robot_controller.egg-info/PKG-INFO\n'}
[6.725373] (my_robot_controller) StdoutLine: {'line': b'writing dependency_links to ../../build/my_robot_controller/my_robot_controller.egg-info/dependency_links.txt\n'}
[6.726475] (my_robot_controller) StdoutLine: {'line': b'writing entry points to ../../build/my_robot_controller/my_robot_controller.egg-info/entry_points.txt\n'}
[6.727268] (my_robot_controller) StdoutLine: {'line': b'writing requirements to ../../build/my_robot_controller/my_robot_controller.egg-info/requires.txt\n'}
[6.728455] (my_robot_controller) StdoutLine: {'line': b'writing top-level names to ../../build/my_robot_controller/my_robot_controller.egg-info/top_level.txt\n'}
[6.731442] (-) TimerEvent: {}
[6.806480] (my_robot_controller) StdoutLine: {'line': b"reading manifest file '../../build/my_robot_controller/my_robot_controller.egg-info/SOURCES.txt'\n"}
[6.815373] (my_robot_controller) StdoutLine: {'line': b"writing manifest file '../../build/my_robot_controller/my_robot_controller.egg-info/SOURCES.txt'\n"}
[6.815624] (my_robot_controller) StdoutLine: {'line': b'running build\n'}
[6.815773] (my_robot_controller) StdoutLine: {'line': b'running build_py\n'}
[6.816530] (my_robot_controller) StdoutLine: {'line': b'copying my_robot_controller/my_first_node.py -> /mnt/Resources/ROS/ROS2/Workspaces/ros2_ws/build/my_robot_controller/build/lib/my_robot_controller\n'}
[6.816829] (my_robot_controller) StdoutLine: {'line': b'running install\n'}
[6.817009] (my_robot_controller) StderrLine: {'line': b'/usr/lib/python3.10/site-packages/setuptools/command/install.py:34: SetuptoolsDeprecationWarning: setup.py install is deprecated. Use build and pip and other standards-based tools.\n'}
[6.817172] (my_robot_controller) StderrLine: {'line': b'  warnings.warn(\n'}
[6.825888] (my_robot_controller) StdoutLine: {'line': b'running install_lib\n'}
[6.831499] (-) TimerEvent: {}
[6.853215] (my_robot_controller) StdoutLine: {'line': b'copying /mnt/Resources/ROS/ROS2/Workspaces/ros2_ws/build/my_robot_controller/build/lib/my_robot_controller/my_first_node.py -> /mnt/Resources/ROS/ROS2/Workspaces/ros2_ws/install/my_robot_controller/lib/python3.10/site-packages/my_robot_controller\n'}
[6.854128] (my_robot_controller) StdoutLine: {'line': b'byte-compiling /mnt/Resources/ROS/ROS2/Workspaces/ros2_ws/install/my_robot_controller/lib/python3.10/site-packages/my_robot_controller/my_first_node.py to my_first_node.cpython-310.pyc\n'}
[6.854568] (my_robot_controller) StdoutLine: {'line': b'running install_data\n'}
[6.882712] (my_robot_controller) StdoutLine: {'line': b'running install_egg_info\n'}
[6.909201] (my_robot_controller) StdoutLine: {'line': b"removing '/mnt/Resources/ROS/ROS2/Workspaces/ros2_ws/install/my_robot_controller/lib/python3.10/site-packages/my_robot_controller-0.0.0-py3.10.egg-info' (and everything under it)\n"}
[6.909604] (my_robot_controller) StdoutLine: {'line': b'Copying ../../build/my_robot_controller/my_robot_controller.egg-info to /mnt/Resources/ROS/ROS2/Workspaces/ros2_ws/install/my_robot_controller/lib/python3.10/site-packages/my_robot_controller-0.0.0-py3.10.egg-info\n'}
[6.929973] (my_robot_controller) StdoutLine: {'line': b'running install_scripts\n'}
[6.931574] (-) TimerEvent: {}
[7.031812] (-) TimerEvent: {}
[7.052134] (my_robot_controller) StdoutLine: {'line': b'Installing test_node script to /mnt/Resources/ROS/ROS2/Workspaces/ros2_ws/install/my_robot_controller/lib/my_robot_controller\n'}
[7.052632] (my_robot_controller) StdoutLine: {'line': b"writing list of installed files to '/mnt/Resources/ROS/ROS2/Workspaces/ros2_ws/build/my_robot_controller/install.log'\n"}
[7.100977] (my_robot_controller) CommandEnded: {'returncode': 0}
[7.132088] (-) TimerEvent: {}
[7.232457] (-) TimerEvent: {}
[7.330947] (my_robot_controller) JobEnded: {'identifier': 'my_robot_controller', 'rc': 0}
[7.334600] (-) TimerEvent: {}
[7.334964] (-) EventReactorShutdown: {}
