[0.000000] (-) TimerEvent: {}
[0.001249] (-) JobUnselected: {'identifier': 'my_robot_controller'}
[0.001301] (my_py_pkg) JobQueued: {'identifier': 'my_py_pkg', 'dependencies': OrderedDict()}
[0.001328] (my_py_pkg) JobStarted: {'identifier': 'my_py_pkg'}
[0.099728] (-) TimerEvent: {}
[0.200004] (-) TimerEvent: {}
[0.300297] (-) TimerEvent: {}
[0.400598] (-) TimerEvent: {}
[0.501204] (-) TimerEvent: {}
[0.601892] (-) TimerEvent: {}
[0.702630] (-) TimerEvent: {}
[0.803042] (-) TimerEvent: {}
[0.903603] (-) TimerEvent: {}
[1.004587] (-) TimerEvent: {}
[1.105039] (-) TimerEvent: {}
[1.205933] (-) TimerEvent: {}
[1.306544] (-) TimerEvent: {}
[1.406869] (-) TimerEvent: {}
[1.507183] (-) TimerEvent: {}
[1.607483] (-) TimerEvent: {}
[1.708030] (-) TimerEvent: {}
[1.808418] (-) TimerEvent: {}
[1.909036] (-) TimerEvent: {}
[2.009817] (-) TimerEvent: {}
[2.110522] (-) TimerEvent: {}
[2.211316] (-) TimerEvent: {}
[2.312198] (-) TimerEvent: {}
[2.412693] (-) TimerEvent: {}
[2.513341] (-) TimerEvent: {}
[2.614278] (-) TimerEvent: {}
[2.715040] (-) TimerEvent: {}
[2.815757] (-) TimerEvent: {}
[2.916415] (-) TimerEvent: {}
[3.017169] (-) TimerEvent: {}
[3.117954] (-) TimerEvent: {}
[3.218687] (-) TimerEvent: {}
[3.319333] (-) TimerEvent: {}
[3.420095] (-) TimerEvent: {}
[3.520783] (-) TimerEvent: {}
[3.621434] (-) TimerEvent: {}
[3.722192] (-) TimerEvent: {}
[3.822946] (-) TimerEvent: {}
[3.923802] (-) TimerEvent: {}
[4.024575] (-) TimerEvent: {}
[4.125662] (-) TimerEvent: {}
[4.226603] (-) TimerEvent: {}
[4.327409] (-) TimerEvent: {}
[4.428231] (-) TimerEvent: {}
[4.528864] (-) TimerEvent: {}
[4.561280] (my_py_pkg) Command: {'cmd': ['/usr/bin/python', 'setup.py', 'develop', '--uninstall', '--editable', '--build-directory', '/mnt/Resources/ROS/ROS2/Workspaces/ros2_ws/build/my_py_pkg/build'], 'cwd': '/mnt/Resources/ROS/ROS2/Workspaces/ros2_ws/build/my_py_pkg', 'env': {'SHELL': '/bin/bash', 'ROS_VERSION': '2', 'SESSION_MANAGER': 'local/ARCH:@/tmp/.ICE-unix/1150,unix/ARCH:/tmp/.ICE-unix/1150', 'QT_SCREEN_SCALE_FACTORS': 'eDP-1=1.125;DP-1=1.125;HDMI-1=1.125;HDMI-2=1.125;', 'COLORTERM': 'truecolor', 'XDG_CONFIG_DIRS': '/home/arifcse21/.config/kdedefaults:/etc/xdg', 'XDG_SESSION_PATH': '/org/freedesktop/DisplayManager/Session1', 'PKG_CONFIG_PATH': '/opt/ros/humble/lib/pkgconfig', 'ROS_PYTHON_VERSION': '3', 'TERMINATOR_DBUS_PATH': '/net/tenshu/Terminator2', 'TERMINATOR_UUID': 'urn:uuid:0f26e6b5-328b-4e77-b0ce-8930d06901c9', 'DESKTOP_SESSION': 'plasma', 'GTK_RC_FILES': '/etc/gtk/gtkrc:/home/arifcse21/.gtkrc:/home/arifcse21/.config/gtkrc', 'XCURSOR_SIZE': '48', 'EDITOR': 'vim', 'GTK_MODULES': 'canberra-gtk-module', 'XDG_SEAT': 'seat0', 'PWD': '/mnt/Resources/ROS/ROS2/Workspaces/ros2_ws/build/my_py_pkg', 'XDG_SESSION_DESKTOP': 'KDE', 'LOGNAME': 'arifcse21', 'XDG_SESSION_TYPE': 'x11', 'ROS_DOMAIN_ID': '42', 'SYSTEMD_EXEC_PID': '1348', 'XAUTHORITY': '/home/arifcse21/.Xauthority', 'MOTD_SHOWN': 'pam', 'GTK2_RC_FILES': '/etc/gtk-2.0/gtkrc:/home/arifcse21/.gtkrc-2.0:/home/arifcse21/.config/gtkrc-2.0', 'HOME': '/home/arifcse21', 'LANG': 'en_US.UTF-8', 'XDG_CURRENT_DESKTOP': 'KDE', 'VIRTUAL_ENV': '/mnt/Resources/ROS/ROS2/Workspaces/ros2env', 'VTE_VERSION': '7002', 'AMENT_PREFIX_PATH': '/mnt/Resources/ROS/ROS2/Workspaces/ros2_ws/install/my_robot_controller:/mnt/Resources/ROS/ROS2/Workspaces/ros2_ws/install/my_py_pkg:/opt/ros/humble', 'CMAKE_PREFIX_PATH': '/opt/ros/humble', 'XDG_SEAT_PATH': '/org/freedesktop/DisplayManager/Seat0', 'COLCON_PREFIX_PATH': '/mnt/Resources/ROS/ROS2/Workspaces/ros2_ws/install:/opt/ros/humble', 'INVOCATION_ID': '25e597ecf174426aaf6748f1ff2a54da', 'git_token': 'sh /home/arifcse21/.git_token.sh', 'TERMINATOR_DBUS_NAME': 'net.tenshu.Terminator21a9d5db22c73a993ff0b42f64b396873', 'MANAGERPID': '1069', 'KDE_SESSION_UID': '1000', 'XDG_SESSION_CLASS': 'user', 'PYTHONPATH': '/mnt/Resources/ROS/ROS2/Workspaces/ros2_ws/build/my_py_pkg/prefix_override:/mnt/Resources/ROS/ROS2/Workspaces/ros2_ws/install/my_py_pkg/lib/python3.10/site-packages:/mnt/Resources/ROS/ROS2/Workspaces/ros2_ws/build/my_robot_controller:/mnt/Resources/ROS/ROS2/Workspaces/ros2_ws/install/my_robot_controller/lib/python3.10/site-packages:/mnt/Resources/ROS/ROS2/Workspaces/ros2_ws/build/my_py_pkg:/mnt/Resources/ROS/ROS2/Workspaces/ros2_ws/install/my_py_pkg/lib/python3.10/site-packages:/build/ros2-humble/src/install/lib/python3.10/dist-packages:/opt/ros/humble/lib/python3.10/site-packages', 'COLCON': '1', 'TERM': 'xterm-256color', 'USER': 'arifcse21', 'KDE_SESSION_VERSION': '5', 'PAM_KWALLET5_LOGIN': '/run/user/1000/kwallet5.socket', 'rldbsh': 'source /home/arifcse21/.bashrc', 'DISPLAY': ':0', 'SHLVL': '1', 'XDG_VTNR': '1', 'XDG_SESSION_ID': '2', 'VIRTUAL_ENV_PROMPT': '(ros2env)', 'LD_LIBRARY_PATH': '/opt/ros/humble/opt/yaml_cpp_vendor/lib:/opt/ros/humble/opt/rviz_ogre_vendor/lib:/opt/ros/humble/lib', 'XDG_RUNTIME_DIR': '/run/user/1000', 'ROS_LOCALHOST_ONLY': '0', 'MKLROOT': '/opt/intel/oneapi/mkl/latest', 'DEBUGINFOD_URLS': 'https://debuginfod.archlinux.org', 'QT_AUTO_SCREEN_SCALE_FACTOR': '0', 'JOURNAL_STREAM': '8:27440', 'XCURSOR_THEME': 'LyraQ-cursors', 'KDE_FULL_SESSION': 'true', 'PATH': '/opt/ros/humble/bin:/mnt/Resources/ROS/ROS2/Workspaces/ros2env/bin:/usr/local/sbin:/usr/local/bin:/usr/bin:/usr/lib/jvm/default/bin:/usr/bin/site_perl:/usr/bin/vendor_perl:/usr/bin/core_perl:/home/arifcse21/.local/share/JetBrains/Toolbox/scripts', 'DBUS_SESSION_BUS_ADDRESS': 'unix:path=/run/user/1000/bus', 'KDE_APPLICATIONS_AS_SCOPE': '1', 'MAIL': '/var/spool/mail/arifcse21', 'ROS_DISTRO': 'humble', 'OLDPWD': '/mnt/Resources/ROS/ROS2/Workspaces', '_': '/usr/bin/env'}, 'shell': False}
[4.629079] (-) TimerEvent: {}
[4.729725] (-) TimerEvent: {}
[4.830031] (-) TimerEvent: {}
[4.930328] (-) TimerEvent: {}
[5.030648] (-) TimerEvent: {}
[5.087196] (my_py_pkg) StdoutLine: {'line': b'running develop\n'}
[5.131041] (-) TimerEvent: {}
[5.232029] (-) TimerEvent: {}
[5.332993] (-) TimerEvent: {}
[5.433842] (-) TimerEvent: {}
[5.535511] (-) TimerEvent: {}
[5.636315] (-) TimerEvent: {}
[5.736665] (-) TimerEvent: {}
[5.836961] (-) TimerEvent: {}
[5.937253] (-) TimerEvent: {}
[5.988685] (my_py_pkg) CommandEnded: {'returncode': 0}
[5.991681] (my_py_pkg) Command: {'cmd': ['/usr/bin/python', 'setup.py', 'egg_info', '--egg-base', '../../build/my_py_pkg', 'build', '--build-base', '/mnt/Resources/ROS/ROS2/Workspaces/ros2_ws/build/my_py_pkg/build', 'install', '--record', '/mnt/Resources/ROS/ROS2/Workspaces/ros2_ws/build/my_py_pkg/install.log', '--single-version-externally-managed'], 'cwd': '/mnt/Resources/ROS/ROS2/Workspaces/ros2_ws/src/my_py_pkg', 'env': {'SHELL': '/bin/bash', 'ROS_VERSION': '2', 'SESSION_MANAGER': 'local/ARCH:@/tmp/.ICE-unix/1150,unix/ARCH:/tmp/.ICE-unix/1150', 'QT_SCREEN_SCALE_FACTORS': 'eDP-1=1.125;DP-1=1.125;HDMI-1=1.125;HDMI-2=1.125;', 'COLORTERM': 'truecolor', 'XDG_CONFIG_DIRS': '/home/arifcse21/.config/kdedefaults:/etc/xdg', 'XDG_SESSION_PATH': '/org/freedesktop/DisplayManager/Session1', 'PKG_CONFIG_PATH': '/opt/ros/humble/lib/pkgconfig', 'ROS_PYTHON_VERSION': '3', 'TERMINATOR_DBUS_PATH': '/net/tenshu/Terminator2', 'TERMINATOR_UUID': 'urn:uuid:0f26e6b5-328b-4e77-b0ce-8930d06901c9', 'DESKTOP_SESSION': 'plasma', 'GTK_RC_FILES': '/etc/gtk/gtkrc:/home/arifcse21/.gtkrc:/home/arifcse21/.config/gtkrc', 'XCURSOR_SIZE': '48', 'EDITOR': 'vim', 'GTK_MODULES': 'canberra-gtk-module', 'XDG_SEAT': 'seat0', 'PWD': '/mnt/Resources/ROS/ROS2/Workspaces/ros2_ws/build/my_py_pkg', 'XDG_SESSION_DESKTOP': 'KDE', 'LOGNAME': 'arifcse21', 'XDG_SESSION_TYPE': 'x11', 'ROS_DOMAIN_ID': '42', 'SYSTEMD_EXEC_PID': '1348', 'XAUTHORITY': '/home/arifcse21/.Xauthority', 'MOTD_SHOWN': 'pam', 'GTK2_RC_FILES': '/etc/gtk-2.0/gtkrc:/home/arifcse21/.gtkrc-2.0:/home/arifcse21/.config/gtkrc-2.0', 'HOME': '/home/arifcse21', 'LANG': 'en_US.UTF-8', 'XDG_CURRENT_DESKTOP': 'KDE', 'VIRTUAL_ENV': '/mnt/Resources/ROS/ROS2/Workspaces/ros2env', 'VTE_VERSION': '7002', 'AMENT_PREFIX_PATH': '/mnt/Resources/ROS/ROS2/Workspaces/ros2_ws/install/my_robot_controller:/mnt/Resources/ROS/ROS2/Workspaces/ros2_ws/install/my_py_pkg:/opt/ros/humble', 'CMAKE_PREFIX_PATH': '/opt/ros/humble', 'XDG_SEAT_PATH': '/org/freedesktop/DisplayManager/Seat0', 'COLCON_PREFIX_PATH': '/mnt/Resources/ROS/ROS2/Workspaces/ros2_ws/install:/opt/ros/humble', 'INVOCATION_ID': '25e597ecf174426aaf6748f1ff2a54da', 'git_token': 'sh /home/arifcse21/.git_token.sh', 'TERMINATOR_DBUS_NAME': 'net.tenshu.Terminator21a9d5db22c73a993ff0b42f64b396873', 'MANAGERPID': '1069', 'KDE_SESSION_UID': '1000', 'XDG_SESSION_CLASS': 'user', 'PYTHONPATH': '/mnt/Resources/ROS/ROS2/Workspaces/ros2_ws/build/my_py_pkg/prefix_override:/mnt/Resources/ROS/ROS2/Workspaces/ros2_ws/install/my_py_pkg/lib/python3.10/site-packages:/mnt/Resources/ROS/ROS2/Workspaces/ros2_ws/build/my_robot_controller:/mnt/Resources/ROS/ROS2/Workspaces/ros2_ws/install/my_robot_controller/lib/python3.10/site-packages:/mnt/Resources/ROS/ROS2/Workspaces/ros2_ws/build/my_py_pkg:/mnt/Resources/ROS/ROS2/Workspaces/ros2_ws/install/my_py_pkg/lib/python3.10/site-packages:/build/ros2-humble/src/install/lib/python3.10/dist-packages:/opt/ros/humble/lib/python3.10/site-packages', 'COLCON': '1', 'TERM': 'xterm-256color', 'USER': 'arifcse21', 'KDE_SESSION_VERSION': '5', 'PAM_KWALLET5_LOGIN': '/run/user/1000/kwallet5.socket', 'rldbsh': 'source /home/arifcse21/.bashrc', 'DISPLAY': ':0', 'SHLVL': '1', 'XDG_VTNR': '1', 'XDG_SESSION_ID': '2', 'VIRTUAL_ENV_PROMPT': '(ros2env)', 'LD_LIBRARY_PATH': '/opt/ros/humble/opt/yaml_cpp_vendor/lib:/opt/ros/humble/opt/rviz_ogre_vendor/lib:/opt/ros/humble/lib', 'XDG_RUNTIME_DIR': '/run/user/1000', 'ROS_LOCALHOST_ONLY': '0', 'MKLROOT': '/opt/intel/oneapi/mkl/latest', 'DEBUGINFOD_URLS': 'https://debuginfod.archlinux.org', 'QT_AUTO_SCREEN_SCALE_FACTOR': '0', 'JOURNAL_STREAM': '8:27440', 'XCURSOR_THEME': 'LyraQ-cursors', 'KDE_FULL_SESSION': 'true', 'PATH': '/opt/ros/humble/bin:/mnt/Resources/ROS/ROS2/Workspaces/ros2env/bin:/usr/local/sbin:/usr/local/bin:/usr/bin:/usr/lib/jvm/default/bin:/usr/bin/site_perl:/usr/bin/vendor_perl:/usr/bin/core_perl:/home/arifcse21/.local/share/JetBrains/Toolbox/scripts', 'DBUS_SESSION_BUS_ADDRESS': 'unix:path=/run/user/1000/bus', 'KDE_APPLICATIONS_AS_SCOPE': '1', 'MAIL': '/var/spool/mail/arifcse21', 'ROS_DISTRO': 'humble', 'OLDPWD': '/mnt/Resources/ROS/ROS2/Workspaces', '_': '/usr/bin/env'}, 'shell': False}
[6.037373] (-) TimerEvent: {}
[6.137821] (-) TimerEvent: {}
[6.238206] (-) TimerEvent: {}
[6.338498] (-) TimerEvent: {}
[6.414783] (my_py_pkg) StdoutLine: {'line': b'running egg_info\n'}
[6.438921] (-) TimerEvent: {}
[6.539359] (-) TimerEvent: {}
[6.640460] (-) TimerEvent: {}
[6.741212] (-) TimerEvent: {}
[6.776514] (my_py_pkg) StdoutLine: {'line': b"writing manifest file '../../build/my_py_pkg/my_py_pkg.egg-info/SOURCES.txt'\n"}
[6.777486] (my_py_pkg) StdoutLine: {'line': b'running build\n'}
[6.777933] (my_py_pkg) StdoutLine: {'line': b'running build_py\n'}
[6.778777] (my_py_pkg) StdoutLine: {'line': b'running install\n'}
[6.782541] (my_py_pkg) StdoutLine: {'line': b'running install_lib\n'}
[6.785197] (my_py_pkg) StdoutLine: {'line': b'creating /mnt/Resources/ROS/ROS2/Workspaces/ros2_ws/install/my_py_pkg/lib/python3.10/site-packages/my_py_pkg\n'}
[6.841706] (-) TimerEvent: {}
[6.942408] (-) TimerEvent: {}
[7.043227] (-) TimerEvent: {}
[7.144087] (-) TimerEvent: {}
[7.210070] (my_py_pkg) StdoutLine: {'line': b'byte-compiling /mnt/Resources/ROS/ROS2/Workspaces/ros2_ws/install/my_py_pkg/lib/python3.10/site-packages/my_py_pkg/__init__.py to __init__.cpython-310.pyc\n'}
[7.211205] (my_py_pkg) StdoutLine: {'line': b'byte-compiling /mnt/Resources/ROS/ROS2/Workspaces/ros2_ws/install/my_py_pkg/lib/python3.10/site-packages/my_py_pkg/test.py to test.cpython-310.pyc\n'}
[7.213028] (my_py_pkg) StdoutLine: {'line': b'byte-compiling /mnt/Resources/ROS/ROS2/Workspaces/ros2_ws/install/my_py_pkg/lib/python3.10/site-packages/my_py_pkg/my_first_node.py to my_first_node.cpython-310.pyc\n'}
[7.214803] (my_py_pkg) StdoutLine: {'line': b'byte-compiling /mnt/Resources/ROS/ROS2/Workspaces/ros2_ws/install/my_py_pkg/lib/python3.10/site-packages/my_py_pkg/speaker_node.py to speaker_node.cpython-310.pyc\n'}
[7.216554] (my_py_pkg) StdoutLine: {'line': b'running install_data\n'}
[7.219642] (my_py_pkg) StdoutLine: {'line': b'copying package.xml -> /mnt/Resources/ROS/ROS2/Workspaces/ros2_ws/install/my_py_pkg/share/my_py_pkg\n'}
[7.220500] (my_py_pkg) StdoutLine: {'line': b'running install_egg_info\n'}
[7.227150] (my_py_pkg) StdoutLine: {'line': b'Copying ../../build/my_py_pkg/my_py_pkg.egg-info to /mnt/Resources/ROS/ROS2/Workspaces/ros2_ws/install/my_py_pkg/lib/python3.10/site-packages/my_py_pkg-0.0.0-py3.10.egg-info\n'}
[7.244505] (-) TimerEvent: {}
[7.339336] (my_py_pkg) StdoutLine: {'line': b'running install_scripts\n'}
[7.344703] (-) TimerEvent: {}
[7.445772] (-) TimerEvent: {}
[7.473833] (my_py_pkg) StdoutLine: {'line': b"writing list of installed files to '/mnt/Resources/ROS/ROS2/Workspaces/ros2_ws/build/my_py_pkg/install.log'\n"}
[7.533288] (my_py_pkg) CommandEnded: {'returncode': 0}
[7.546050] (-) TimerEvent: {}
[7.646630] (-) TimerEvent: {}
[7.747471] (-) TimerEvent: {}
[7.807507] (my_py_pkg) JobEnded: {'identifier': 'my_py_pkg', 'rc': 0}
[7.808257] (-) EventReactorShutdown: {}
