[1.725s] Invoking command in '/mnt/Resources/ROS/ROS2/Workspaces/ros2_ws/src/my_robot_controller': PYTHONPATH=/mnt/Resources/ROS/ROS2/Workspaces/ros2_ws/install/my_robot_controller/lib/python3.10/site-packages:${PYTHONPATH} VIRTUAL_ENV_PROMPT=(ros2env) _=/usr/bin/env /usr/bin/python setup.py egg_info --egg-base ../../build/my_robot_controller build --build-base /mnt/Resources/ROS/ROS2/Workspaces/ros2_ws/build/my_robot_controller/build install --prefix /mnt/Resources/ROS/ROS2/Workspaces/ros2_ws/install/my_robot_controller --record /mnt/Resources/ROS/ROS2/Workspaces/ros2_ws/build/my_robot_controller/install.log --single-version-externally-managed
[2.282s] running egg_info
[2.304s] writing ../../build/my_robot_controller/my_robot_controller.egg-info/PKG-INFO
[2.304s] writing dependency_links to ../../build/my_robot_controller/my_robot_controller.egg-info/dependency_links.txt
[2.304s] writing requirements to ../../build/my_robot_controller/my_robot_controller.egg-info/requires.txt
[2.304s] writing top-level names to ../../build/my_robot_controller/my_robot_controller.egg-info/top_level.txt
[2.358s] reading manifest file '../../build/my_robot_controller/my_robot_controller.egg-info/SOURCES.txt'
[2.359s] writing manifest file '../../build/my_robot_controller/my_robot_controller.egg-info/SOURCES.txt'
[2.359s] running build
[2.360s] running build_py
[2.360s] running install
[2.360s] /usr/lib/python3.10/site-packages/setuptools/command/install.py:34: SetuptoolsDeprecationWarning: setup.py install is deprecated. Use build and pip and other standards-based tools.
[2.360s]   warnings.warn(
[2.366s] running install_lib
[2.388s] running install_data
[2.409s] running install_egg_info
[2.433s] removing '/mnt/Resources/ROS/ROS2/Workspaces/ros2_ws/install/my_robot_controller/lib/python3.10/site-packages/my_robot_controller-0.0.0-py3.10.egg-info' (and everything under it)
[2.433s] Copying ../../build/my_robot_controller/my_robot_controller.egg-info to /mnt/Resources/ROS/ROS2/Workspaces/ros2_ws/install/my_robot_controller/lib/python3.10/site-packages/my_robot_controller-0.0.0-py3.10.egg-info
[2.434s] running install_scripts
[2.536s] writing list of installed files to '/mnt/Resources/ROS/ROS2/Workspaces/ros2_ws/build/my_robot_controller/install.log'
[2.577s] Invoked command in '/mnt/Resources/ROS/ROS2/Workspaces/ros2_ws/src/my_robot_controller' returned '0': PYTHONPATH=/mnt/Resources/ROS/ROS2/Workspaces/ros2_ws/install/my_robot_controller/lib/python3.10/site-packages:${PYTHONPATH} VIRTUAL_ENV_PROMPT=(ros2env) _=/usr/bin/env /usr/bin/python setup.py egg_info --egg-base ../../build/my_robot_controller build --build-base /mnt/Resources/ROS/ROS2/Workspaces/ros2_ws/build/my_robot_controller/build install --prefix /mnt/Resources/ROS/ROS2/Workspaces/ros2_ws/install/my_robot_controller --record /mnt/Resources/ROS/ROS2/Workspaces/ros2_ws/build/my_robot_controller/install.log --single-version-externally-managed
