[0.000000] (-) TimerEvent: {}
[0.000139] (-) JobUnselected: {'identifier': 'my_robot_controller'}
[0.000236] (my_py_pkg) JobQueued: {'identifier': 'my_py_pkg', 'dependencies': OrderedDict()}
[0.000269] (my_py_pkg) JobStarted: {'identifier': 'my_py_pkg'}
[0.098717] (-) TimerEvent: {}
[0.199009] (-) TimerEvent: {}
[0.299289] (-) TimerEvent: {}
[0.399581] (-) TimerEvent: {}
[0.499929] (-) TimerEvent: {}
[0.600236] (-) TimerEvent: {}
[0.700612] (-) TimerEvent: {}
[0.800907] (-) TimerEvent: {}
[0.901203] (-) TimerEvent: {}
[1.001457] (-) TimerEvent: {}
[1.101724] (-) TimerEvent: {}
[1.202286] (-) TimerEvent: {}
[1.302697] (-) TimerEvent: {}
[1.403480] (-) TimerEvent: {}
[1.504162] (-) TimerEvent: {}
[1.604598] (-) TimerEvent: {}
[1.705450] (-) TimerEvent: {}
[1.806229] (-) TimerEvent: {}
[1.907051] (-) TimerEvent: {}
[2.007505] (-) TimerEvent: {}
[2.108226] (-) TimerEvent: {}
[2.209218] (-) TimerEvent: {}
[2.309994] (-) TimerEvent: {}
[2.410824] (-) TimerEvent: {}
[2.511390] (-) TimerEvent: {}
[2.612186] (-) TimerEvent: {}
[2.712657] (-) TimerEvent: {}
[2.813309] (-) TimerEvent: {}
[2.913841] (-) TimerEvent: {}
[3.014536] (-) TimerEvent: {}
[3.115182] (-) TimerEvent: {}
[3.215888] (-) TimerEvent: {}
[3.316592] (-) TimerEvent: {}
[3.417332] (-) TimerEvent: {}
[3.518189] (-) TimerEvent: {}
[3.618943] (-) TimerEvent: {}
[3.719767] (-) TimerEvent: {}
[3.820370] (-) TimerEvent: {}
[3.833920] (my_py_pkg) Command: {'cmd': ['/usr/bin/python', 'setup.py', 'develop', '--editable', '--build-directory', '/mnt/Resources/ROS/ROS2/Workspaces/ros2_ws/build/my_py_pkg/build', '--no-deps', 'install_data'], 'cwd': '/mnt/Resources/ROS/ROS2/Workspaces/ros2_ws/build/my_py_pkg', 'env': {'SHELL': '/bin/bash', 'ROS_VERSION': '2', 'SESSION_MANAGER': 'local/ARCH:@/tmp/.ICE-unix/1134,unix/ARCH:/tmp/.ICE-unix/1134', 'QT_SCREEN_SCALE_FACTORS': 'eDP-1=1.125;DP-1=1.125;HDMI-1=1.125;HDMI-2=1.125;', 'COLORTERM': 'truecolor', 'XDG_CONFIG_DIRS': '/home/arifcse21/.config/kdedefaults:/etc/xdg', 'XDG_SESSION_PATH': '/org/freedesktop/DisplayManager/Session1', 'PKG_CONFIG_PATH': '/opt/ros/humble/lib/pkgconfig', 'ROS_PYTHON_VERSION': '3', 'TERMINATOR_DBUS_PATH': '/net/tenshu/Terminator2', 'TERMINATOR_UUID': 'urn:uuid:e8d3b8fa-e298-4325-a2a2-31b8c86ba11e', 'DESKTOP_SESSION': 'plasma', 'GTK_RC_FILES': '/etc/gtk/gtkrc:/home/arifcse21/.gtkrc:/home/arifcse21/.config/gtkrc', 'XCURSOR_SIZE': '48', 'EDITOR': 'vim', 'GTK_MODULES': 'canberra-gtk-module', 'XDG_SEAT': 'seat0', 'PWD': '/mnt/Resources/ROS/ROS2/Workspaces/ros2_ws/build/my_py_pkg', 'XDG_SESSION_DESKTOP': 'KDE', 'LOGNAME': 'arifcse21', 'XDG_SESSION_TYPE': 'x11', 'ROS_DOMAIN_ID': '42', 'SYSTEMD_EXEC_PID': '1341', 'XAUTHORITY': '/home/arifcse21/.Xauthority', 'MOTD_SHOWN': 'pam', 'GTK2_RC_FILES': '/etc/gtk-2.0/gtkrc:/home/arifcse21/.gtkrc-2.0:/home/arifcse21/.config/gtkrc-2.0', 'HOME': '/home/arifcse21', 'LANG': 'en_US.UTF-8', 'XDG_CURRENT_DESKTOP': 'KDE', 'VIRTUAL_ENV': '/mnt/Resources/ROS/ROS2/Workspaces/ros2env', 'VTE_VERSION': '7002', 'AMENT_PREFIX_PATH': '/mnt/Resources/ROS/ROS2/Workspaces/ros2_ws/install/my_robot_controller:/mnt/Resources/ROS/ROS2/Workspaces/ros2_ws/install/my_py_pkg:/opt/ros/humble', 'CMAKE_PREFIX_PATH': '/opt/ros/humble', 'XDG_SEAT_PATH': '/org/freedesktop/DisplayManager/Seat0', 'COLCON_PREFIX_PATH': '/mnt/Resources/ROS/ROS2/Workspaces/ros2_ws/install:/opt/ros/humble', 'INVOCATION_ID': '49c242e8a1cc4e44a75691abfa289a12', 'git_token': 'sh /home/arifcse21/.git_token.sh', 'TERMINATOR_DBUS_NAME': 'net.tenshu.Terminator21a9d5db22c73a993ff0b42f64b396873', 'MANAGERPID': '1073', 'KDE_SESSION_UID': '1000', 'XDG_SESSION_CLASS': 'user', 'PYTHONPATH': '/mnt/Resources/ROS/ROS2/Workspaces/ros2_ws/build/my_py_pkg/prefix_override:/mnt/Resources/ROS/ROS2/Workspaces/ros2_ws/install/my_py_pkg/lib/python3.10/site-packages:/mnt/Resources/ROS/ROS2/Workspaces/ros2_ws/build/my_robot_controller:/mnt/Resources/ROS/ROS2/Workspaces/ros2_ws/install/my_robot_controller/lib/python3.10/site-packages:/mnt/Resources/ROS/ROS2/Workspaces/ros2_ws/install/my_py_pkg/lib/python3.10/site-packages:/build/ros2-humble/src/install/lib/python3.10/dist-packages:/opt/ros/humble/lib/python3.10/site-packages', 'COLCON': '1', 'TERM': 'xterm-256color', 'USER': 'arifcse21', 'KDE_SESSION_VERSION': '5', 'PAM_KWALLET5_LOGIN': '/run/user/1000/kwallet5.socket', 'rldbsh': 'source /home/arifcse21/.bashrc', 'DISPLAY': ':0', 'SHLVL': '1', 'XDG_VTNR': '1', 'XDG_SESSION_ID': '2', 'VIRTUAL_ENV_PROMPT': '(ros2env)', 'LD_LIBRARY_PATH': '/opt/ros/humble/opt/yaml_cpp_vendor/lib:/opt/ros/humble/opt/rviz_ogre_vendor/lib:/opt/ros/humble/lib', 'XDG_RUNTIME_DIR': '/run/user/1000', 'ROS_LOCALHOST_ONLY': '0', 'MKLROOT': '/opt/intel/oneapi/mkl/latest', 'DEBUGINFOD_URLS': 'https://debuginfod.archlinux.org', 'QT_AUTO_SCREEN_SCALE_FACTOR': '0', 'JOURNAL_STREAM': '8:30030', 'XCURSOR_THEME': 'LyraQ-cursors', 'KDE_FULL_SESSION': 'true', 'PATH': '/opt/ros/humble/bin:/mnt/Resources/ROS/ROS2/Workspaces/ros2env/bin:/usr/local/sbin:/usr/local/bin:/usr/bin:/usr/lib/jvm/default/bin:/usr/bin/site_perl:/usr/bin/vendor_perl:/usr/bin/core_perl:/home/arifcse21/.local/share/JetBrains/Toolbox/scripts', 'DBUS_SESSION_BUS_ADDRESS': 'unix:path=/run/user/1000/bus', 'KDE_APPLICATIONS_AS_SCOPE': '1', 'MAIL': '/var/spool/mail/arifcse21', 'ROS_DISTRO': 'humble', 'OLDPWD': '/mnt/Resources/ROS/ROS2/Workspaces', '_': '/usr/bin/env'}, 'shell': False}
[3.920467] (-) TimerEvent: {}
[4.020747] (-) TimerEvent: {}
[4.121036] (-) TimerEvent: {}
[4.221325] (-) TimerEvent: {}
[4.282809] (my_py_pkg) StdoutLine: {'line': b'running develop\n'}
[4.321795] (-) TimerEvent: {}
[4.422057] (-) TimerEvent: {}
[4.522350] (-) TimerEvent: {}
[4.622646] (-) TimerEvent: {}
[4.640601] (my_py_pkg) StdoutLine: {'line': b'running egg_info\n'}
[4.722825] (-) TimerEvent: {}
[4.754282] (my_py_pkg) StdoutLine: {'line': b"writing manifest file 'my_py_pkg.egg-info/SOURCES.txt'\n"}
[4.821371] (my_py_pkg) StdoutLine: {'line': b'running build_ext\n'}
[4.822831] (my_py_pkg) StdoutLine: {'line': b'running install_data\n'}
[4.822976] (-) TimerEvent: {}
[4.878027] (my_py_pkg) CommandEnded: {'returncode': 0}
[4.923436] (-) TimerEvent: {}
[5.023984] (-) TimerEvent: {}
[5.127694] (-) TimerEvent: {}
[5.233483] (-) TimerEvent: {}
[5.271650] (my_py_pkg) JobEnded: {'identifier': 'my_py_pkg', 'rc': 0}
[5.272351] (-) EventReactorShutdown: {}
