[0.000000] (-) TimerEvent: {}
[0.000135] (my_robot_controller) JobQueued: {'identifier': 'my_robot_controller', 'dependencies': OrderedDict()}
[0.002408] (my_robot_controller) JobStarted: {'identifier': 'my_robot_controller'}
[0.099763] (-) TimerEvent: {}
[0.200012] (-) TimerEvent: {}
[0.300288] (-) TimerEvent: {}
[0.400556] (-) TimerEvent: {}
[0.500819] (-) TimerEvent: {}
[0.601085] (-) TimerEvent: {}
[0.701355] (-) TimerEvent: {}
[0.801623] (-) TimerEvent: {}
[0.901890] (-) TimerEvent: {}
[1.002155] (-) TimerEvent: {}
[1.102428] (-) TimerEvent: {}
[1.202706] (-) TimerEvent: {}
[1.302966] (-) TimerEvent: {}
[1.403204] (-) TimerEvent: {}
[1.503429] (-) TimerEvent: {}
[1.603691] (-) TimerEvent: {}
[1.703990] (-) TimerEvent: {}
[1.711641] (my_robot_controller) Command: {'cmd': ['/usr/bin/python', 'setup.py', 'develop', '--prefix', '/mnt/Resources/ROS/ROS2/Workspaces/ros2_ws/install/my_robot_controller', '--editable', '--build-directory', '/mnt/Resources/ROS/ROS2/Workspaces/ros2_ws/build/my_robot_controller/build', '--no-deps', 'install_data', '--install-dir', '/mnt/Resources/ROS/ROS2/Workspaces/ros2_ws/install/my_robot_controller'], 'cwd': '/mnt/Resources/ROS/ROS2/Workspaces/ros2_ws/build/my_robot_controller', 'env': {'SHELL': '/bin/bash', 'ROS_VERSION': '2', 'SESSION_MANAGER': 'local/ARCH:@/tmp/.ICE-unix/1077,unix/ARCH:/tmp/.ICE-unix/1077', 'QT_SCREEN_SCALE_FACTORS': 'eDP-1=1.125;DP-1=1.125;HDMI-1=1.125;HDMI-2=1.125;', 'COLORTERM': 'truecolor', 'XDG_CONFIG_DIRS': '/home/arifcse21/.config/kdedefaults:/etc/xdg', 'XDG_SESSION_PATH': '/org/freedesktop/DisplayManager/Session1', 'PKG_CONFIG_PATH': '/opt/ros/humble/lib/pkgconfig', 'ROS_PYTHON_VERSION': '3', 'TERMINATOR_DBUS_PATH': '/net/tenshu/Terminator2', 'TERMINATOR_UUID': 'urn:uuid:28e642d4-b4fc-4730-a840-801e75cfcc4f', 'DESKTOP_SESSION': 'plasma', 'GTK_RC_FILES': '/etc/gtk/gtkrc:/home/arifcse21/.gtkrc:/home/arifcse21/.config/gtkrc', 'XCURSOR_SIZE': '48', 'EDITOR': 'vim', 'GTK_MODULES': 'canberra-gtk-module', 'XDG_SEAT': 'seat0', 'PWD': '/mnt/Resources/ROS/ROS2/Workspaces/ros2_ws/build/my_robot_controller', 'XDG_SESSION_DESKTOP': 'KDE', 'LOGNAME': 'arifcse21', 'XDG_SESSION_TYPE': 'x11', 'ROS_DOMAIN_ID': '42', 'SYSTEMD_EXEC_PID': '1263', 'XAUTHORITY': '/home/arifcse21/.Xauthority', 'MOTD_SHOWN': 'pam', 'GTK2_RC_FILES': '/etc/gtk-2.0/gtkrc:/home/arifcse21/.gtkrc-2.0:/home/arifcse21/.config/gtkrc-2.0', 'HOME': '/home/arifcse21', 'LANG': 'en_US.UTF-8', 'XDG_CURRENT_DESKTOP': 'KDE', 'VIRTUAL_ENV': '/mnt/Resources/ROS/ROS2/Workspaces/ros2env', 'VTE_VERSION': '6800', 'AMENT_PREFIX_PATH': '/mnt/Resources/ROS/ROS2/Workspaces/ros2_ws/install/my_robot_controller:/opt/ros/humble', 'CMAKE_PREFIX_PATH': '/opt/ros/humble', 'XDG_SEAT_PATH': '/org/freedesktop/DisplayManager/Seat0', 'COLCON_PREFIX_PATH': '/mnt/Resources/ROS/ROS2/Workspaces/ros2_ws/install:/opt/ros/humble', 'INVOCATION_ID': '48e83402a1e446e1a818c8e12145d38d', 'TERMINATOR_DBUS_NAME': 'net.tenshu.Terminator21a9d5db22c73a993ff0b42f64b396873', 'MANAGERPID': '993', 'KDE_SESSION_UID': '1000', 'XDG_SESSION_CLASS': 'user', 'PYTHONPATH': '/mnt/Resources/ROS/ROS2/Workspaces/ros2_ws/install/my_robot_controller/lib/python3.10/site-packages:/mnt/Resources/ROS/ROS2/Workspaces/ros2_ws/install/my_robot_controller/lib/python3.10/site-packages:/build/ros2-humble/src/install/lib/python3.10/dist-packages:/opt/ros/humble/lib/python3.10/site-packages', 'COLCON': '1', 'TERM': 'xterm-256color', 'USER': 'arifcse21', 'KDE_SESSION_VERSION': '5', 'PAM_KWALLET5_LOGIN': '/run/user/1000/kwallet5.socket', 'DISPLAY': ':0', 'SHLVL': '1', 'XDG_VTNR': '1', 'XDG_SESSION_ID': '2', 'VIRTUAL_ENV_PROMPT': '(ros2env)', 'LD_LIBRARY_PATH': '/opt/ros/humble/opt/yaml_cpp_vendor/lib:/opt/ros/humble/opt/rviz_ogre_vendor/lib:/opt/ros/humble/lib', 'XDG_RUNTIME_DIR': '/run/user/1000', 'ROS_LOCALHOST_ONLY': '0', 'MKLROOT': '/opt/intel/oneapi/mkl/latest', 'QT_AUTO_SCREEN_SCALE_FACTOR': '0', 'JOURNAL_STREAM': '8:25895', 'XCURSOR_THEME': 'LyraQ-cursors', 'KDE_FULL_SESSION': 'true', 'PATH': '/mnt/Resources/ROS/ROS2/Workspaces/ros2env/bin:/opt/ros/humble/bin:/usr/local/sbin:/usr/local/bin:/usr/bin:/usr/lib/jvm/default/bin:/usr/bin/site_perl:/usr/bin/vendor_perl:/usr/bin/core_perl:/home/arifcse21/.local/share/JetBrains/Toolbox/scripts', 'DBUS_SESSION_BUS_ADDRESS': 'unix:path=/run/user/1000/bus', 'KDE_APPLICATIONS_AS_SCOPE': '1', 'MAIL': '/var/spool/mail/arifcse21', 'ROS_DISTRO': 'humble', 'OLDPWD': '/mnt/Resources/ROS/ROS2/Workspaces/ros2_ws/src', '_': '/usr/bin/env'}, 'shell': False}
[1.804088] (-) TimerEvent: {}
[1.904355] (-) TimerEvent: {}
[2.004632] (-) TimerEvent: {}
[2.104908] (-) TimerEvent: {}
[2.205178] (-) TimerEvent: {}
[2.248085] (my_robot_controller) StdoutLine: {'line': b'running develop\n'}
[2.248360] (my_robot_controller) StderrLine: {'line': b'/usr/lib/python3.10/site-packages/setuptools/command/easy_install.py:144: EasyInstallDeprecationWarning: easy_install command is deprecated. Use build and pip and other standards-based tools.\n'}
[2.248482] (my_robot_controller) StderrLine: {'line': b'  warnings.warn(\n'}
[2.292982] (my_robot_controller) StderrLine: {'line': b'/usr/lib/python3.10/site-packages/setuptools/command/install.py:34: SetuptoolsDeprecationWarning: setup.py install is deprecated. Use build and pip and other standards-based tools.\n'}
[2.293170] (my_robot_controller) StderrLine: {'line': b'  warnings.warn(\n'}
[2.305301] (-) TimerEvent: {}
[2.405567] (-) TimerEvent: {}
[2.505799] (-) TimerEvent: {}
[2.606060] (-) TimerEvent: {}
[2.706323] (-) TimerEvent: {}
[2.755783] (my_robot_controller) StdoutLine: {'line': b'running egg_info\n'}
[2.776214] (my_robot_controller) StdoutLine: {'line': b'writing my_robot_controller.egg-info/PKG-INFO\n'}
[2.776510] (my_robot_controller) StdoutLine: {'line': b'writing dependency_links to my_robot_controller.egg-info/dependency_links.txt\n'}
[2.776681] (my_robot_controller) StdoutLine: {'line': b'writing entry points to my_robot_controller.egg-info/entry_points.txt\n'}
[2.776874] (my_robot_controller) StdoutLine: {'line': b'writing requirements to my_robot_controller.egg-info/requires.txt\n'}
[2.777039] (my_robot_controller) StdoutLine: {'line': b'writing top-level names to my_robot_controller.egg-info/top_level.txt\n'}
[2.806438] (-) TimerEvent: {}
[2.820900] (my_robot_controller) StdoutLine: {'line': b"reading manifest file 'my_robot_controller.egg-info/SOURCES.txt'\n"}
[2.821750] (my_robot_controller) StdoutLine: {'line': b"writing manifest file 'my_robot_controller.egg-info/SOURCES.txt'\n"}
[2.882370] (my_robot_controller) StdoutLine: {'line': b'running build_ext\n'}
[2.882597] (my_robot_controller) StdoutLine: {'line': b'Creating /mnt/Resources/ROS/ROS2/Workspaces/ros2_ws/install/my_robot_controller/lib/python3.10/site-packages/my-robot-controller.egg-link (link to .)\n'}
[2.883361] (my_robot_controller) StdoutLine: {'line': b'Installing test_node script to /mnt/Resources/ROS/ROS2/Workspaces/ros2_ws/install/my_robot_controller/lib/my_robot_controller\n'}
[2.883620] (my_robot_controller) StdoutLine: {'line': b'\n'}
[2.883806] (my_robot_controller) StdoutLine: {'line': b'Installed /mnt/Resources/ROS/ROS2/Workspaces/ros2_ws/build/my_robot_controller\n'}
[2.883884] (my_robot_controller) StdoutLine: {'line': b'running install_data\n'}
[2.906580] (-) TimerEvent: {}
[2.944770] (my_robot_controller) CommandEnded: {'returncode': 0}
[2.985062] (my_robot_controller) JobEnded: {'identifier': 'my_robot_controller', 'rc': 0}
[2.985993] (-) EventReactorShutdown: {}
