running egg_info
creating ../build/my_py_pkg/my_py_pkg.egg-info
writing manifest file '../build/my_py_pkg/my_py_pkg.egg-info/SOURCES.txt'
writing manifest file '../build/my_py_pkg/my_py_pkg.egg-info/SOURCES.txt'
running build
running build_py
creating /mnt/Resources/ROS/ROS2/Workspaces/ros2_ws/src/build/my_py_pkg/build
creating /mnt/Resources/ROS/ROS2/Workspaces/ros2_ws/src/build/my_py_pkg/build/lib
creating /mnt/Resources/ROS/ROS2/Workspaces/ros2_ws/src/build/my_py_pkg/build/lib/my_py_pkg
copying my_py_pkg/__init__.py -> /mnt/Resources/ROS/ROS2/Workspaces/ros2_ws/src/build/my_py_pkg/build/lib/my_py_pkg
running install
running install_lib
creating /mnt/Resources/ROS/ROS2/Workspaces/ros2_ws/src/install/my_py_pkg/lib/python3.10/site-packages/my_py_pkg
byte-compiling /mnt/Resources/ROS/ROS2/Workspaces/ros2_ws/src/install/my_py_pkg/lib/python3.10/site-packages/my_py_pkg/__init__.py to __init__.cpython-310.pyc
running install_data
creating /mnt/Resources/ROS/ROS2/Workspaces/ros2_ws/src/install/my_py_pkg/share/ament_index
creating /mnt/Resources/ROS/ROS2/Workspaces/ros2_ws/src/install/my_py_pkg/share/ament_index/resource_index
creating /mnt/Resources/ROS/ROS2/Workspaces/ros2_ws/src/install/my_py_pkg/share/ament_index/resource_index/packages
copying resource/my_py_pkg -> /mnt/Resources/ROS/ROS2/Workspaces/ros2_ws/src/install/my_py_pkg/share/ament_index/resource_index/packages
copying package.xml -> /mnt/Resources/ROS/ROS2/Workspaces/ros2_ws/src/install/my_py_pkg/share/my_py_pkg
running install_egg_info
Copying ../build/my_py_pkg/my_py_pkg.egg-info to /mnt/Resources/ROS/ROS2/Workspaces/ros2_ws/src/install/my_py_pkg/lib/python3.10/site-packages/my_py_pkg-0.0.0-py3.10.egg-info
running install_scripts
writing list of installed files to '/mnt/Resources/ROS/ROS2/Workspaces/ros2_ws/src/build/my_py_pkg/install.log'
