[0.000000] (-) TimerEvent: {}
[0.000650] (my_robot_controller) JobQueued: {'identifier': 'my_robot_controller', 'dependencies': OrderedDict()}
[0.000903] (my_robot_controller) JobStarted: {'identifier': 'my_robot_controller'}
[0.100013] (-) TimerEvent: {}
[0.200275] (-) TimerEvent: {}
[0.300525] (-) TimerEvent: {}
[0.400749] (-) TimerEvent: {}
[0.501009] (-) TimerEvent: {}
[0.601280] (-) TimerEvent: {}
[0.701550] (-) TimerEvent: {}
[0.801810] (-) TimerEvent: {}
[0.902077] (-) TimerEvent: {}
[1.002342] (-) TimerEvent: {}
[1.102581] (-) TimerEvent: {}
[1.202889] (-) TimerEvent: {}
[1.303163] (-) TimerEvent: {}
[1.403442] (-) TimerEvent: {}
[1.503709] (-) TimerEvent: {}
[1.603963] (-) TimerEvent: {}
[1.700179] (my_robot_controller) Command: {'cmd': ['/usr/bin/python', 'setup.py', 'develop', '--prefix', '/mnt/Resources/ROS/ROS2/Workspaces/ros2_ws/install/my_robot_controller', '--uninstall', '--editable', '--build-directory', '/mnt/Resources/ROS/ROS2/Workspaces/ros2_ws/build/my_robot_controller/build'], 'cwd': '/mnt/Resources/ROS/ROS2/Workspaces/ros2_ws/build/my_robot_controller', 'env': {'SHELL': '/bin/bash', 'ROS_VERSION': '2', 'SESSION_MANAGER': 'local/ARCH:@/tmp/.ICE-unix/1077,unix/ARCH:/tmp/.ICE-unix/1077', 'QT_SCREEN_SCALE_FACTORS': 'eDP-1=1.125;DP-1=1.125;HDMI-1=1.125;HDMI-2=1.125;', 'COLORTERM': 'truecolor', 'XDG_CONFIG_DIRS': '/home/arifcse21/.config/kdedefaults:/etc/xdg', 'XDG_SESSION_PATH': '/org/freedesktop/DisplayManager/Session1', 'PKG_CONFIG_PATH': '/opt/ros/humble/lib/pkgconfig', 'ROS_PYTHON_VERSION': '3', 'TERMINATOR_DBUS_PATH': '/net/tenshu/Terminator2', 'TERMINATOR_UUID': 'urn:uuid:28e642d4-b4fc-4730-a840-801e75cfcc4f', 'DESKTOP_SESSION': 'plasma', 'GTK_RC_FILES': '/etc/gtk/gtkrc:/home/arifcse21/.gtkrc:/home/arifcse21/.config/gtkrc', 'XCURSOR_SIZE': '48', 'EDITOR': 'vim', 'GTK_MODULES': 'canberra-gtk-module', 'XDG_SEAT': 'seat0', 'PWD': '/mnt/Resources/ROS/ROS2/Workspaces/ros2_ws/build/my_robot_controller', 'XDG_SESSION_DESKTOP': 'KDE', 'LOGNAME': 'arifcse21', 'XDG_SESSION_TYPE': 'x11', 'ROS_DOMAIN_ID': '42', 'SYSTEMD_EXEC_PID': '1263', 'XAUTHORITY': '/home/arifcse21/.Xauthority', 'MOTD_SHOWN': 'pam', 'GTK2_RC_FILES': '/etc/gtk-2.0/gtkrc:/home/arifcse21/.gtkrc-2.0:/home/arifcse21/.config/gtkrc-2.0', 'HOME': '/home/arifcse21', 'LANG': 'en_US.UTF-8', 'XDG_CURRENT_DESKTOP': 'KDE', 'VIRTUAL_ENV': '/mnt/Resources/ROS/ROS2/Workspaces/ros2env', 'VTE_VERSION': '6800', 'AMENT_PREFIX_PATH': '/mnt/Resources/ROS/ROS2/Workspaces/ros2_ws/install/my_robot_controller:/opt/ros/humble', 'CMAKE_PREFIX_PATH': '/opt/ros/humble', 'XDG_SEAT_PATH': '/org/freedesktop/DisplayManager/Seat0', 'COLCON_PREFIX_PATH': '/mnt/Resources/ROS/ROS2/Workspaces/ros2_ws/install:/opt/ros/humble', 'INVOCATION_ID': '48e83402a1e446e1a818c8e12145d38d', 'TERMINATOR_DBUS_NAME': 'net.tenshu.Terminator21a9d5db22c73a993ff0b42f64b396873', 'MANAGERPID': '993', 'KDE_SESSION_UID': '1000', 'XDG_SESSION_CLASS': 'user', 'PYTHONPATH': '/mnt/Resources/ROS/ROS2/Workspaces/ros2_ws/install/my_robot_controller/lib/python3.10/site-packages:/mnt/Resources/ROS/ROS2/Workspaces/ros2_ws/install/my_robot_controller/lib/python3.10/site-packages:/build/ros2-humble/src/install/lib/python3.10/dist-packages:/opt/ros/humble/lib/python3.10/site-packages', 'COLCON': '1', 'TERM': 'xterm-256color', 'USER': 'arifcse21', 'KDE_SESSION_VERSION': '5', 'PAM_KWALLET5_LOGIN': '/run/user/1000/kwallet5.socket', 'DISPLAY': ':0', 'SHLVL': '1', 'XDG_VTNR': '1', 'XDG_SESSION_ID': '2', 'VIRTUAL_ENV_PROMPT': '(ros2env)', 'LD_LIBRARY_PATH': '/opt/ros/humble/opt/yaml_cpp_vendor/lib:/opt/ros/humble/opt/rviz_ogre_vendor/lib:/opt/ros/humble/lib', 'XDG_RUNTIME_DIR': '/run/user/1000', 'ROS_LOCALHOST_ONLY': '0', 'MKLROOT': '/opt/intel/oneapi/mkl/latest', 'QT_AUTO_SCREEN_SCALE_FACTOR': '0', 'JOURNAL_STREAM': '8:25895', 'XCURSOR_THEME': 'LyraQ-cursors', 'KDE_FULL_SESSION': 'true', 'PATH': '/mnt/Resources/ROS/ROS2/Workspaces/ros2env/bin:/opt/ros/humble/bin:/usr/local/sbin:/usr/local/bin:/usr/bin:/usr/lib/jvm/default/bin:/usr/bin/site_perl:/usr/bin/vendor_perl:/usr/bin/core_perl:/home/arifcse21/.local/share/JetBrains/Toolbox/scripts', 'DBUS_SESSION_BUS_ADDRESS': 'unix:path=/run/user/1000/bus', 'KDE_APPLICATIONS_AS_SCOPE': '1', 'MAIL': '/var/spool/mail/arifcse21', 'ROS_DISTRO': 'humble', 'OLDPWD': '/mnt/Resources/ROS/ROS2/Workspaces/ros2_ws/src', '_': '/usr/bin/env'}, 'shell': False}
[1.704164] (-) TimerEvent: {}
[1.804606] (-) TimerEvent: {}
[1.904874] (-) TimerEvent: {}
[2.005145] (-) TimerEvent: {}
[2.105414] (-) TimerEvent: {}
[2.203150] (my_robot_controller) StdoutLine: {'line': b'running develop\n'}
[2.203547] (my_robot_controller) StderrLine: {'line': b'/usr/lib/python3.10/site-packages/setuptools/command/easy_install.py:144: EasyInstallDeprecationWarning: easy_install command is deprecated. Use build and pip and other standards-based tools.\n'}
[2.203727] (my_robot_controller) StderrLine: {'line': b'  warnings.warn(\n'}
[2.205495] (-) TimerEvent: {}
[2.258426] (my_robot_controller) StderrLine: {'line': b'/usr/lib/python3.10/site-packages/setuptools/command/install.py:34: SetuptoolsDeprecationWarning: setup.py install is deprecated. Use build and pip and other standards-based tools.\n'}
[2.258626] (my_robot_controller) StderrLine: {'line': b'  warnings.warn(\n'}
[2.305598] (-) TimerEvent: {}
[2.405891] (-) TimerEvent: {}
[2.506160] (-) TimerEvent: {}
[2.606426] (-) TimerEvent: {}
[2.706692] (-) TimerEvent: {}
[2.724753] (my_robot_controller) StdoutLine: {'line': b'Removing /mnt/Resources/ROS/ROS2/Workspaces/ros2_ws/install/my_robot_controller/lib/python3.10/site-packages/my-robot-controller.egg-link (link to .)\n'}
[2.781167] (my_robot_controller) CommandEnded: {'returncode': 0}
[2.782591] (my_robot_controller) Command: {'cmd': ['/usr/bin/python', 'setup.py', 'egg_info', '--egg-base', '../../build/my_robot_controller', 'build', '--build-base', '/mnt/Resources/ROS/ROS2/Workspaces/ros2_ws/build/my_robot_controller/build', 'install', '--prefix', '/mnt/Resources/ROS/ROS2/Workspaces/ros2_ws/install/my_robot_controller', '--record', '/mnt/Resources/ROS/ROS2/Workspaces/ros2_ws/build/my_robot_controller/install.log', '--single-version-externally-managed'], 'cwd': '/mnt/Resources/ROS/ROS2/Workspaces/ros2_ws/src/my_robot_controller', 'env': {'SHELL': '/bin/bash', 'ROS_VERSION': '2', 'SESSION_MANAGER': 'local/ARCH:@/tmp/.ICE-unix/1077,unix/ARCH:/tmp/.ICE-unix/1077', 'QT_SCREEN_SCALE_FACTORS': 'eDP-1=1.125;DP-1=1.125;HDMI-1=1.125;HDMI-2=1.125;', 'COLORTERM': 'truecolor', 'XDG_CONFIG_DIRS': '/home/arifcse21/.config/kdedefaults:/etc/xdg', 'XDG_SESSION_PATH': '/org/freedesktop/DisplayManager/Session1', 'PKG_CONFIG_PATH': '/opt/ros/humble/lib/pkgconfig', 'ROS_PYTHON_VERSION': '3', 'TERMINATOR_DBUS_PATH': '/net/tenshu/Terminator2', 'TERMINATOR_UUID': 'urn:uuid:28e642d4-b4fc-4730-a840-801e75cfcc4f', 'DESKTOP_SESSION': 'plasma', 'GTK_RC_FILES': '/etc/gtk/gtkrc:/home/arifcse21/.gtkrc:/home/arifcse21/.config/gtkrc', 'XCURSOR_SIZE': '48', 'EDITOR': 'vim', 'GTK_MODULES': 'canberra-gtk-module', 'XDG_SEAT': 'seat0', 'PWD': '/mnt/Resources/ROS/ROS2/Workspaces/ros2_ws/build/my_robot_controller', 'XDG_SESSION_DESKTOP': 'KDE', 'LOGNAME': 'arifcse21', 'XDG_SESSION_TYPE': 'x11', 'ROS_DOMAIN_ID': '42', 'SYSTEMD_EXEC_PID': '1263', 'XAUTHORITY': '/home/arifcse21/.Xauthority', 'MOTD_SHOWN': 'pam', 'GTK2_RC_FILES': '/etc/gtk-2.0/gtkrc:/home/arifcse21/.gtkrc-2.0:/home/arifcse21/.config/gtkrc-2.0', 'HOME': '/home/arifcse21', 'LANG': 'en_US.UTF-8', 'XDG_CURRENT_DESKTOP': 'KDE', 'VIRTUAL_ENV': '/mnt/Resources/ROS/ROS2/Workspaces/ros2env', 'VTE_VERSION': '6800', 'AMENT_PREFIX_PATH': '/mnt/Resources/ROS/ROS2/Workspaces/ros2_ws/install/my_robot_controller:/opt/ros/humble', 'CMAKE_PREFIX_PATH': '/opt/ros/humble', 'XDG_SEAT_PATH': '/org/freedesktop/DisplayManager/Seat0', 'COLCON_PREFIX_PATH': '/mnt/Resources/ROS/ROS2/Workspaces/ros2_ws/install:/opt/ros/humble', 'INVOCATION_ID': '48e83402a1e446e1a818c8e12145d38d', 'TERMINATOR_DBUS_NAME': 'net.tenshu.Terminator21a9d5db22c73a993ff0b42f64b396873', 'MANAGERPID': '993', 'KDE_SESSION_UID': '1000', 'XDG_SESSION_CLASS': 'user', 'PYTHONPATH': '/mnt/Resources/ROS/ROS2/Workspaces/ros2_ws/install/my_robot_controller/lib/python3.10/site-packages:/mnt/Resources/ROS/ROS2/Workspaces/ros2_ws/install/my_robot_controller/lib/python3.10/site-packages:/build/ros2-humble/src/install/lib/python3.10/dist-packages:/opt/ros/humble/lib/python3.10/site-packages', 'COLCON': '1', 'TERM': 'xterm-256color', 'USER': 'arifcse21', 'KDE_SESSION_VERSION': '5', 'PAM_KWALLET5_LOGIN': '/run/user/1000/kwallet5.socket', 'DISPLAY': ':0', 'SHLVL': '1', 'XDG_VTNR': '1', 'XDG_SESSION_ID': '2', 'VIRTUAL_ENV_PROMPT': '(ros2env)', 'LD_LIBRARY_PATH': '/opt/ros/humble/opt/yaml_cpp_vendor/lib:/opt/ros/humble/opt/rviz_ogre_vendor/lib:/opt/ros/humble/lib', 'XDG_RUNTIME_DIR': '/run/user/1000', 'ROS_LOCALHOST_ONLY': '0', 'MKLROOT': '/opt/intel/oneapi/mkl/latest', 'QT_AUTO_SCREEN_SCALE_FACTOR': '0', 'JOURNAL_STREAM': '8:25895', 'XCURSOR_THEME': 'LyraQ-cursors', 'KDE_FULL_SESSION': 'true', 'PATH': '/mnt/Resources/ROS/ROS2/Workspaces/ros2env/bin:/opt/ros/humble/bin:/usr/local/sbin:/usr/local/bin:/usr/bin:/usr/lib/jvm/default/bin:/usr/bin/site_perl:/usr/bin/vendor_perl:/usr/bin/core_perl:/home/arifcse21/.local/share/JetBrains/Toolbox/scripts', 'DBUS_SESSION_BUS_ADDRESS': 'unix:path=/run/user/1000/bus', 'KDE_APPLICATIONS_AS_SCOPE': '1', 'MAIL': '/var/spool/mail/arifcse21', 'ROS_DISTRO': 'humble', 'OLDPWD': '/mnt/Resources/ROS/ROS2/Workspaces/ros2_ws/src', '_': '/usr/bin/env'}, 'shell': False}
[2.806800] (-) TimerEvent: {}
[2.907054] (-) TimerEvent: {}
[3.007319] (-) TimerEvent: {}
[3.107588] (-) TimerEvent: {}
[3.207859] (-) TimerEvent: {}
[3.308157] (-) TimerEvent: {}
[3.312816] (my_robot_controller) StdoutLine: {'line': b'running egg_info\n'}
[3.334323] (my_robot_controller) StdoutLine: {'line': b'writing ../../build/my_robot_controller/my_robot_controller.egg-info/PKG-INFO\n'}
[3.334595] (my_robot_controller) StdoutLine: {'line': b'writing dependency_links to ../../build/my_robot_controller/my_robot_controller.egg-info/dependency_links.txt\n'}
[3.334906] (my_robot_controller) StdoutLine: {'line': b'writing entry points to ../../build/my_robot_controller/my_robot_controller.egg-info/entry_points.txt\n'}
[3.335180] (my_robot_controller) StdoutLine: {'line': b'writing requirements to ../../build/my_robot_controller/my_robot_controller.egg-info/requires.txt\n'}
[3.335449] (my_robot_controller) StdoutLine: {'line': b'writing top-level names to ../../build/my_robot_controller/my_robot_controller.egg-info/top_level.txt\n'}
[3.386570] (my_robot_controller) StdoutLine: {'line': b"reading manifest file '../../build/my_robot_controller/my_robot_controller.egg-info/SOURCES.txt'\n"}
[3.387566] (my_robot_controller) StdoutLine: {'line': b"writing manifest file '../../build/my_robot_controller/my_robot_controller.egg-info/SOURCES.txt'\n"}
[3.387774] (my_robot_controller) StdoutLine: {'line': b'running build\n'}
[3.387885] (my_robot_controller) StdoutLine: {'line': b'running build_py\n'}
[3.388038] (my_robot_controller) StdoutLine: {'line': b'copying my_robot_controller/my_first_node.py -> /mnt/Resources/ROS/ROS2/Workspaces/ros2_ws/build/my_robot_controller/build/lib/my_robot_controller\n'}
[3.388280] (my_robot_controller) StdoutLine: {'line': b'running install\n'}
[3.388471] (my_robot_controller) StderrLine: {'line': b'/usr/lib/python3.10/site-packages/setuptools/command/install.py:34: SetuptoolsDeprecationWarning: setup.py install is deprecated. Use build and pip and other standards-based tools.\n'}
[3.388574] (my_robot_controller) StderrLine: {'line': b'  warnings.warn(\n'}
[3.395060] (my_robot_controller) StdoutLine: {'line': b'running install_lib\n'}
[3.408275] (-) TimerEvent: {}
[3.416298] (my_robot_controller) StdoutLine: {'line': b'creating /mnt/Resources/ROS/ROS2/Workspaces/ros2_ws/install/my_robot_controller/lib/python3.10/site-packages/my_robot_controller\n'}
[3.416584] (my_robot_controller) StdoutLine: {'line': b'copying /mnt/Resources/ROS/ROS2/Workspaces/ros2_ws/build/my_robot_controller/build/lib/my_robot_controller/__init__.py -> /mnt/Resources/ROS/ROS2/Workspaces/ros2_ws/install/my_robot_controller/lib/python3.10/site-packages/my_robot_controller\n'}
[3.416735] (my_robot_controller) StdoutLine: {'line': b'copying /mnt/Resources/ROS/ROS2/Workspaces/ros2_ws/build/my_robot_controller/build/lib/my_robot_controller/my_first_node.py -> /mnt/Resources/ROS/ROS2/Workspaces/ros2_ws/install/my_robot_controller/lib/python3.10/site-packages/my_robot_controller\n'}
[3.417224] (my_robot_controller) StdoutLine: {'line': b'byte-compiling /mnt/Resources/ROS/ROS2/Workspaces/ros2_ws/install/my_robot_controller/lib/python3.10/site-packages/my_robot_controller/__init__.py to __init__.cpython-310.pyc\n'}
[3.417503] (my_robot_controller) StdoutLine: {'line': b'byte-compiling /mnt/Resources/ROS/ROS2/Workspaces/ros2_ws/install/my_robot_controller/lib/python3.10/site-packages/my_robot_controller/my_first_node.py to my_first_node.cpython-310.pyc\n'}
[3.417879] (my_robot_controller) StdoutLine: {'line': b'running install_data\n'}
[3.442671] (my_robot_controller) StdoutLine: {'line': b'running install_egg_info\n'}
[3.465091] (my_robot_controller) StdoutLine: {'line': b'Copying ../../build/my_robot_controller/my_robot_controller.egg-info to /mnt/Resources/ROS/ROS2/Workspaces/ros2_ws/install/my_robot_controller/lib/python3.10/site-packages/my_robot_controller-0.0.0-py3.10.egg-info\n'}
[3.465993] (my_robot_controller) StdoutLine: {'line': b'running install_scripts\n'}
[3.508397] (-) TimerEvent: {}
[3.566766] (my_robot_controller) StdoutLine: {'line': b'Installing test_node script to /mnt/Resources/ROS/ROS2/Workspaces/ros2_ws/install/my_robot_controller/lib/my_robot_controller\n'}
[3.567185] (my_robot_controller) StdoutLine: {'line': b"writing list of installed files to '/mnt/Resources/ROS/ROS2/Workspaces/ros2_ws/build/my_robot_controller/install.log'\n"}
[3.606782] (my_robot_controller) CommandEnded: {'returncode': 0}
[3.609346] (-) TimerEvent: {}
[3.644975] (my_robot_controller) JobEnded: {'identifier': 'my_robot_controller', 'rc': 0}
[3.645853] (-) EventReactorShutdown: {}
