[0.000000] (-) TimerEvent: {}
[0.000576] (my_robot_controller) JobQueued: {'identifier': 'my_robot_controller', 'dependencies': OrderedDict()}
[0.001536] (my_robot_controller) JobStarted: {'identifier': 'my_robot_controller'}
[0.099586] (-) TimerEvent: {}
[0.200232] (-) TimerEvent: {}
[0.300531] (-) TimerEvent: {}
[0.400822] (-) TimerEvent: {}
[0.501116] (-) TimerEvent: {}
[0.601437] (-) TimerEvent: {}
[0.701750] (-) TimerEvent: {}
[0.802027] (-) TimerEvent: {}
[0.902271] (-) TimerEvent: {}
[1.002655] (-) TimerEvent: {}
[1.102942] (-) TimerEvent: {}
[1.203224] (-) TimerEvent: {}
[1.303502] (-) TimerEvent: {}
[1.403763] (-) TimerEvent: {}
[1.504015] (-) TimerEvent: {}
[1.604281] (-) TimerEvent: {}
[1.664199] (my_robot_controller) Command: {'cmd': ['/usr/bin/python', 'setup.py', 'develop', '--prefix', '/mnt/Resources/ROS/ROS2/Workspaces/ros2_ws/install/my_robot_controller', '--uninstall', '--editable', '--build-directory', '/mnt/Resources/ROS/ROS2/Workspaces/ros2_ws/build/my_robot_controller/build'], 'cwd': '/mnt/Resources/ROS/ROS2/Workspaces/ros2_ws/build/my_robot_controller', 'env': {'SHELL': '/bin/bash', 'ROS_VERSION': '2', 'SESSION_MANAGER': 'local/ARCH:@/tmp/.ICE-unix/1077,unix/ARCH:/tmp/.ICE-unix/1077', 'QT_SCREEN_SCALE_FACTORS': 'eDP-1=1.125;DP-1=1.125;HDMI-1=1.125;HDMI-2=1.125;', 'COLORTERM': 'truecolor', 'XDG_CONFIG_DIRS': '/home/arifcse21/.config/kdedefaults:/etc/xdg', 'XDG_SESSION_PATH': '/org/freedesktop/DisplayManager/Session1', 'PKG_CONFIG_PATH': '/opt/ros/humble/lib/pkgconfig', 'ROS_PYTHON_VERSION': '3', 'TERMINATOR_DBUS_PATH': '/net/tenshu/Terminator2', 'TERMINATOR_UUID': 'urn:uuid:28e642d4-b4fc-4730-a840-801e75cfcc4f', 'DESKTOP_SESSION': 'plasma', 'GTK_RC_FILES': '/etc/gtk/gtkrc:/home/arifcse21/.gtkrc:/home/arifcse21/.config/gtkrc', 'XCURSOR_SIZE': '48', 'EDITOR': 'vim', 'GTK_MODULES': 'canberra-gtk-module', 'XDG_SEAT': 'seat0', 'PWD': '/mnt/Resources/ROS/ROS2/Workspaces/ros2_ws/build/my_robot_controller', 'XDG_SESSION_DESKTOP': 'KDE', 'LOGNAME': 'arifcse21', 'XDG_SESSION_TYPE': 'x11', 'ROS_DOMAIN_ID': '42', 'SYSTEMD_EXEC_PID': '1263', 'XAUTHORITY': '/home/arifcse21/.Xauthority', 'MOTD_SHOWN': 'pam', 'GTK2_RC_FILES': '/etc/gtk-2.0/gtkrc:/home/arifcse21/.gtkrc-2.0:/home/arifcse21/.config/gtkrc-2.0', 'HOME': '/home/arifcse21', 'LANG': 'en_US.UTF-8', 'XDG_CURRENT_DESKTOP': 'KDE', 'VIRTUAL_ENV': '/mnt/Resources/ROS/ROS2/Workspaces/ros2env', 'VTE_VERSION': '6800', 'AMENT_PREFIX_PATH': '/mnt/Resources/ROS/ROS2/Workspaces/ros2_ws/install/my_robot_controller:/opt/ros/humble', 'CMAKE_PREFIX_PATH': '/opt/ros/humble', 'XDG_SEAT_PATH': '/org/freedesktop/DisplayManager/Seat0', 'COLCON_PREFIX_PATH': '/mnt/Resources/ROS/ROS2/Workspaces/ros2_ws/install:/opt/ros/humble', 'INVOCATION_ID': '48e83402a1e446e1a818c8e12145d38d', 'TERMINATOR_DBUS_NAME': 'net.tenshu.Terminator21a9d5db22c73a993ff0b42f64b396873', 'MANAGERPID': '993', 'KDE_SESSION_UID': '1000', 'XDG_SESSION_CLASS': 'user', 'PYTHONPATH': '/mnt/Resources/ROS/ROS2/Workspaces/ros2_ws/install/my_robot_controller/lib/python3.10/site-packages:/mnt/Resources/ROS/ROS2/Workspaces/ros2_ws/build/my_robot_controller:/mnt/Resources/ROS/ROS2/Workspaces/ros2_ws/install/my_robot_controller/lib/python3.10/site-packages:/build/ros2-humble/src/install/lib/python3.10/dist-packages:/opt/ros/humble/lib/python3.10/site-packages', 'COLCON': '1', 'TERM': 'xterm-256color', 'USER': 'arifcse21', 'KDE_SESSION_VERSION': '5', 'PAM_KWALLET5_LOGIN': '/run/user/1000/kwallet5.socket', 'DISPLAY': ':0', 'SHLVL': '1', 'XDG_VTNR': '1', 'XDG_SESSION_ID': '2', 'VIRTUAL_ENV_PROMPT': '(ros2env)', 'LD_LIBRARY_PATH': '/opt/ros/humble/opt/yaml_cpp_vendor/lib:/opt/ros/humble/opt/rviz_ogre_vendor/lib:/opt/ros/humble/lib', 'XDG_RUNTIME_DIR': '/run/user/1000', 'ROS_LOCALHOST_ONLY': '0', 'MKLROOT': '/opt/intel/oneapi/mkl/latest', 'QT_AUTO_SCREEN_SCALE_FACTOR': '0', 'JOURNAL_STREAM': '8:25895', 'XCURSOR_THEME': 'LyraQ-cursors', 'KDE_FULL_SESSION': 'true', 'PATH': '/mnt/Resources/ROS/ROS2/Workspaces/ros2env/bin:/opt/ros/humble/bin:/usr/local/sbin:/usr/local/bin:/usr/bin:/usr/lib/jvm/default/bin:/usr/bin/site_perl:/usr/bin/vendor_perl:/usr/bin/core_perl:/home/arifcse21/.local/share/JetBrains/Toolbox/scripts', 'DBUS_SESSION_BUS_ADDRESS': 'unix:path=/run/user/1000/bus', 'KDE_APPLICATIONS_AS_SCOPE': '1', 'MAIL': '/var/spool/mail/arifcse21', 'ROS_DISTRO': 'humble', 'OLDPWD': '/mnt/Resources/ROS/ROS2/Workspaces/ros2_ws/src', '_': '/usr/bin/env'}, 'shell': False}
[1.704403] (-) TimerEvent: {}
[1.804678] (-) TimerEvent: {}
[1.904953] (-) TimerEvent: {}
[2.005207] (-) TimerEvent: {}
[2.105475] (-) TimerEvent: {}
[2.204963] (my_robot_controller) StdoutLine: {'line': b'running develop\n'}
[2.205544] (-) TimerEvent: {}
[2.305764] (-) TimerEvent: {}
[2.406055] (-) TimerEvent: {}
[2.506301] (-) TimerEvent: {}
[2.606596] (-) TimerEvent: {}
[2.706872] (-) TimerEvent: {}
[2.790023] (my_robot_controller) CommandEnded: {'returncode': 0}
[2.791615] (my_robot_controller) Command: {'cmd': ['/usr/bin/python', 'setup.py', 'egg_info', '--egg-base', '../../build/my_robot_controller', 'build', '--build-base', '/mnt/Resources/ROS/ROS2/Workspaces/ros2_ws/build/my_robot_controller/build', 'install', '--prefix', '/mnt/Resources/ROS/ROS2/Workspaces/ros2_ws/install/my_robot_controller', '--record', '/mnt/Resources/ROS/ROS2/Workspaces/ros2_ws/build/my_robot_controller/install.log', '--single-version-externally-managed'], 'cwd': '/mnt/Resources/ROS/ROS2/Workspaces/ros2_ws/src/my_robot_controller', 'env': {'SHELL': '/bin/bash', 'ROS_VERSION': '2', 'SESSION_MANAGER': 'local/ARCH:@/tmp/.ICE-unix/1077,unix/ARCH:/tmp/.ICE-unix/1077', 'QT_SCREEN_SCALE_FACTORS': 'eDP-1=1.125;DP-1=1.125;HDMI-1=1.125;HDMI-2=1.125;', 'COLORTERM': 'truecolor', 'XDG_CONFIG_DIRS': '/home/arifcse21/.config/kdedefaults:/etc/xdg', 'XDG_SESSION_PATH': '/org/freedesktop/DisplayManager/Session1', 'PKG_CONFIG_PATH': '/opt/ros/humble/lib/pkgconfig', 'ROS_PYTHON_VERSION': '3', 'TERMINATOR_DBUS_PATH': '/net/tenshu/Terminator2', 'TERMINATOR_UUID': 'urn:uuid:28e642d4-b4fc-4730-a840-801e75cfcc4f', 'DESKTOP_SESSION': 'plasma', 'GTK_RC_FILES': '/etc/gtk/gtkrc:/home/arifcse21/.gtkrc:/home/arifcse21/.config/gtkrc', 'XCURSOR_SIZE': '48', 'EDITOR': 'vim', 'GTK_MODULES': 'canberra-gtk-module', 'XDG_SEAT': 'seat0', 'PWD': '/mnt/Resources/ROS/ROS2/Workspaces/ros2_ws/build/my_robot_controller', 'XDG_SESSION_DESKTOP': 'KDE', 'LOGNAME': 'arifcse21', 'XDG_SESSION_TYPE': 'x11', 'ROS_DOMAIN_ID': '42', 'SYSTEMD_EXEC_PID': '1263', 'XAUTHORITY': '/home/arifcse21/.Xauthority', 'MOTD_SHOWN': 'pam', 'GTK2_RC_FILES': '/etc/gtk-2.0/gtkrc:/home/arifcse21/.gtkrc-2.0:/home/arifcse21/.config/gtkrc-2.0', 'HOME': '/home/arifcse21', 'LANG': 'en_US.UTF-8', 'XDG_CURRENT_DESKTOP': 'KDE', 'VIRTUAL_ENV': '/mnt/Resources/ROS/ROS2/Workspaces/ros2env', 'VTE_VERSION': '6800', 'AMENT_PREFIX_PATH': '/mnt/Resources/ROS/ROS2/Workspaces/ros2_ws/install/my_robot_controller:/opt/ros/humble', 'CMAKE_PREFIX_PATH': '/opt/ros/humble', 'XDG_SEAT_PATH': '/org/freedesktop/DisplayManager/Seat0', 'COLCON_PREFIX_PATH': '/mnt/Resources/ROS/ROS2/Workspaces/ros2_ws/install:/opt/ros/humble', 'INVOCATION_ID': '48e83402a1e446e1a818c8e12145d38d', 'TERMINATOR_DBUS_NAME': 'net.tenshu.Terminator21a9d5db22c73a993ff0b42f64b396873', 'MANAGERPID': '993', 'KDE_SESSION_UID': '1000', 'XDG_SESSION_CLASS': 'user', 'PYTHONPATH': '/mnt/Resources/ROS/ROS2/Workspaces/ros2_ws/install/my_robot_controller/lib/python3.10/site-packages:/mnt/Resources/ROS/ROS2/Workspaces/ros2_ws/build/my_robot_controller:/mnt/Resources/ROS/ROS2/Workspaces/ros2_ws/install/my_robot_controller/lib/python3.10/site-packages:/build/ros2-humble/src/install/lib/python3.10/dist-packages:/opt/ros/humble/lib/python3.10/site-packages', 'COLCON': '1', 'TERM': 'xterm-256color', 'USER': 'arifcse21', 'KDE_SESSION_VERSION': '5', 'PAM_KWALLET5_LOGIN': '/run/user/1000/kwallet5.socket', 'DISPLAY': ':0', 'SHLVL': '1', 'XDG_VTNR': '1', 'XDG_SESSION_ID': '2', 'VIRTUAL_ENV_PROMPT': '(ros2env)', 'LD_LIBRARY_PATH': '/opt/ros/humble/opt/yaml_cpp_vendor/lib:/opt/ros/humble/opt/rviz_ogre_vendor/lib:/opt/ros/humble/lib', 'XDG_RUNTIME_DIR': '/run/user/1000', 'ROS_LOCALHOST_ONLY': '0', 'MKLROOT': '/opt/intel/oneapi/mkl/latest', 'QT_AUTO_SCREEN_SCALE_FACTOR': '0', 'JOURNAL_STREAM': '8:25895', 'XCURSOR_THEME': 'LyraQ-cursors', 'KDE_FULL_SESSION': 'true', 'PATH': '/mnt/Resources/ROS/ROS2/Workspaces/ros2env/bin:/opt/ros/humble/bin:/usr/local/sbin:/usr/local/bin:/usr/bin:/usr/lib/jvm/default/bin:/usr/bin/site_perl:/usr/bin/vendor_perl:/usr/bin/core_perl:/home/arifcse21/.local/share/JetBrains/Toolbox/scripts', 'DBUS_SESSION_BUS_ADDRESS': 'unix:path=/run/user/1000/bus', 'KDE_APPLICATIONS_AS_SCOPE': '1', 'MAIL': '/var/spool/mail/arifcse21', 'ROS_DISTRO': 'humble', 'OLDPWD': '/mnt/Resources/ROS/ROS2/Workspaces/ros2_ws/src', '_': '/usr/bin/env'}, 'shell': False}
[2.806982] (-) TimerEvent: {}
[2.907273] (-) TimerEvent: {}
[3.007550] (-) TimerEvent: {}
[3.107857] (-) TimerEvent: {}
[3.208139] (-) TimerEvent: {}
[3.293175] (my_robot_controller) StdoutLine: {'line': b'running egg_info\n'}
[3.298843] (my_robot_controller) StdoutLine: {'line': b"writing manifest file '../../build/my_robot_controller/my_robot_controller.egg-info/SOURCES.txt'\n"}
[3.299113] (my_robot_controller) StdoutLine: {'line': b'running build\n'}
[3.299267] (my_robot_controller) StdoutLine: {'line': b'running build_py\n'}
[3.299469] (my_robot_controller) StdoutLine: {'line': b'copying my_robot_controller/my_first_node.py -> /mnt/Resources/ROS/ROS2/Workspaces/ros2_ws/build/my_robot_controller/build/lib/my_robot_controller\n'}
[3.299656] (my_robot_controller) StdoutLine: {'line': b'copying my_robot_controller/draw_circle.py -> /mnt/Resources/ROS/ROS2/Workspaces/ros2_ws/build/my_robot_controller/build/lib/my_robot_controller\n'}
[3.299857] (my_robot_controller) StdoutLine: {'line': b'running install\n'}
[3.301145] (my_robot_controller) StdoutLine: {'line': b'running install_lib\n'}
[3.302227] (my_robot_controller) StdoutLine: {'line': b'creating /mnt/Resources/ROS/ROS2/Workspaces/ros2_ws/install/my_robot_controller/lib/python3.10/site-packages/my_robot_controller\n'}
[3.303318] (my_robot_controller) StdoutLine: {'line': b'byte-compiling /mnt/Resources/ROS/ROS2/Workspaces/ros2_ws/install/my_robot_controller/lib/python3.10/site-packages/my_robot_controller/__init__.py to __init__.cpython-310.pyc\n'}
[3.303590] (my_robot_controller) StdoutLine: {'line': b'byte-compiling /mnt/Resources/ROS/ROS2/Workspaces/ros2_ws/install/my_robot_controller/lib/python3.10/site-packages/my_robot_controller/my_first_node.py to my_first_node.cpython-310.pyc\n'}
[3.304113] (my_robot_controller) StdoutLine: {'line': b'byte-compiling /mnt/Resources/ROS/ROS2/Workspaces/ros2_ws/install/my_robot_controller/lib/python3.10/site-packages/my_robot_controller/draw_circle.py to draw_circle.cpython-310.pyc\n'}
[3.304899] (my_robot_controller) StdoutLine: {'line': b'running install_data\n'}
[3.305922] (my_robot_controller) StdoutLine: {'line': b'copying package.xml -> /mnt/Resources/ROS/ROS2/Workspaces/ros2_ws/install/my_robot_controller/share/my_robot_controller\n'}
[3.306145] (my_robot_controller) StdoutLine: {'line': b'running install_egg_info\n'}
[3.308222] (-) TimerEvent: {}
[3.308431] (my_robot_controller) StdoutLine: {'line': b'Copying ../../build/my_robot_controller/my_robot_controller.egg-info to /mnt/Resources/ROS/ROS2/Workspaces/ros2_ws/install/my_robot_controller/lib/python3.10/site-packages/my_robot_controller-0.0.0-py3.10.egg-info\n'}
[3.309563] (my_robot_controller) StdoutLine: {'line': b'running install_scripts\n'}
[3.337357] (my_robot_controller) StdoutLine: {'line': b"writing list of installed files to '/mnt/Resources/ROS/ROS2/Workspaces/ros2_ws/build/my_robot_controller/install.log'\n"}
[3.376977] (my_robot_controller) CommandEnded: {'returncode': 0}
[3.410542] (-) TimerEvent: {}
[3.415726] (my_robot_controller) JobEnded: {'identifier': 'my_robot_controller', 'rc': 0}
[3.416555] (-) EventReactorShutdown: {}
