[1.701s] Invoking command in '/mnt/Resources/ROS/ROS2/Workspaces/ros2_ws/build/my_robot_controller': PYTHONPATH=/mnt/Resources/ROS/ROS2/Workspaces/ros2_ws/install/my_robot_controller/lib/python3.10/site-packages:${PYTHONPATH} VIRTUAL_ENV_PROMPT=(ros2env) _=/usr/bin/env /usr/bin/python setup.py develop --prefix /mnt/Resources/ROS/ROS2/Workspaces/ros2_ws/install/my_robot_controller --uninstall --editable --build-directory /mnt/Resources/ROS/ROS2/Workspaces/ros2_ws/build/my_robot_controller/build
[2.202s] running develop
[2.203s] /usr/lib/python3.10/site-packages/setuptools/command/easy_install.py:144: EasyInstallDeprecationWarning: easy_install command is deprecated. Use build and pip and other standards-based tools.
[2.203s]   warnings.warn(
[2.258s] /usr/lib/python3.10/site-packages/setuptools/command/install.py:34: SetuptoolsDeprecationWarning: setup.py install is deprecated. Use build and pip and other standards-based tools.
[2.258s]   warnings.warn(
[2.724s] Removing /mnt/Resources/ROS/ROS2/Workspaces/ros2_ws/install/my_robot_controller/lib/python3.10/site-packages/my-robot-controller.egg-link (link to .)
[2.780s] Invoked command in '/mnt/Resources/ROS/ROS2/Workspaces/ros2_ws/build/my_robot_controller' returned '0': PYTHONPATH=/mnt/Resources/ROS/ROS2/Workspaces/ros2_ws/install/my_robot_controller/lib/python3.10/site-packages:${PYTHONPATH} VIRTUAL_ENV_PROMPT=(ros2env) _=/usr/bin/env /usr/bin/python setup.py develop --prefix /mnt/Resources/ROS/ROS2/Workspaces/ros2_ws/install/my_robot_controller --uninstall --editable --build-directory /mnt/Resources/ROS/ROS2/Workspaces/ros2_ws/build/my_robot_controller/build
[2.782s] Invoking command in '/mnt/Resources/ROS/ROS2/Workspaces/ros2_ws/src/my_robot_controller': PYTHONPATH=/mnt/Resources/ROS/ROS2/Workspaces/ros2_ws/install/my_robot_controller/lib/python3.10/site-packages:${PYTHONPATH} VIRTUAL_ENV_PROMPT=(ros2env) _=/usr/bin/env /usr/bin/python setup.py egg_info --egg-base ../../build/my_robot_controller build --build-base /mnt/Resources/ROS/ROS2/Workspaces/ros2_ws/build/my_robot_controller/build install --prefix /mnt/Resources/ROS/ROS2/Workspaces/ros2_ws/install/my_robot_controller --record /mnt/Resources/ROS/ROS2/Workspaces/ros2_ws/build/my_robot_controller/install.log --single-version-externally-managed
[3.312s] running egg_info
[3.334s] writing ../../build/my_robot_controller/my_robot_controller.egg-info/PKG-INFO
[3.334s] writing dependency_links to ../../build/my_robot_controller/my_robot_controller.egg-info/dependency_links.txt
[3.334s] writing entry points to ../../build/my_robot_controller/my_robot_controller.egg-info/entry_points.txt
[3.334s] writing requirements to ../../build/my_robot_controller/my_robot_controller.egg-info/requires.txt
[3.335s] writing top-level names to ../../build/my_robot_controller/my_robot_controller.egg-info/top_level.txt
[3.386s] reading manifest file '../../build/my_robot_controller/my_robot_controller.egg-info/SOURCES.txt'
[3.387s] writing manifest file '../../build/my_robot_controller/my_robot_controller.egg-info/SOURCES.txt'
[3.387s] running build
[3.387s] running build_py
[3.387s] copying my_robot_controller/my_first_node.py -> /mnt/Resources/ROS/ROS2/Workspaces/ros2_ws/build/my_robot_controller/build/lib/my_robot_controller
[3.387s] running install
[3.388s] /usr/lib/python3.10/site-packages/setuptools/command/install.py:34: SetuptoolsDeprecationWarning: setup.py install is deprecated. Use build and pip and other standards-based tools.
[3.388s]   warnings.warn(
[3.394s] running install_lib
[3.416s] creating /mnt/Resources/ROS/ROS2/Workspaces/ros2_ws/install/my_robot_controller/lib/python3.10/site-packages/my_robot_controller
[3.416s] copying /mnt/Resources/ROS/ROS2/Workspaces/ros2_ws/build/my_robot_controller/build/lib/my_robot_controller/__init__.py -> /mnt/Resources/ROS/ROS2/Workspaces/ros2_ws/install/my_robot_controller/lib/python3.10/site-packages/my_robot_controller
[3.416s] copying /mnt/Resources/ROS/ROS2/Workspaces/ros2_ws/build/my_robot_controller/build/lib/my_robot_controller/my_first_node.py -> /mnt/Resources/ROS/ROS2/Workspaces/ros2_ws/install/my_robot_controller/lib/python3.10/site-packages/my_robot_controller
[3.416s] byte-compiling /mnt/Resources/ROS/ROS2/Workspaces/ros2_ws/install/my_robot_controller/lib/python3.10/site-packages/my_robot_controller/__init__.py to __init__.cpython-310.pyc
[3.417s] byte-compiling /mnt/Resources/ROS/ROS2/Workspaces/ros2_ws/install/my_robot_controller/lib/python3.10/site-packages/my_robot_controller/my_first_node.py to my_first_node.cpython-310.pyc
[3.417s] running install_data
[3.442s] running install_egg_info
[3.464s] Copying ../../build/my_robot_controller/my_robot_controller.egg-info to /mnt/Resources/ROS/ROS2/Workspaces/ros2_ws/install/my_robot_controller/lib/python3.10/site-packages/my_robot_controller-0.0.0-py3.10.egg-info
[3.465s] running install_scripts
[3.566s] Installing test_node script to /mnt/Resources/ROS/ROS2/Workspaces/ros2_ws/install/my_robot_controller/lib/my_robot_controller
[3.566s] writing list of installed files to '/mnt/Resources/ROS/ROS2/Workspaces/ros2_ws/build/my_robot_controller/install.log'
[3.606s] Invoked command in '/mnt/Resources/ROS/ROS2/Workspaces/ros2_ws/src/my_robot_controller' returned '0': PYTHONPATH=/mnt/Resources/ROS/ROS2/Workspaces/ros2_ws/install/my_robot_controller/lib/python3.10/site-packages:${PYTHONPATH} VIRTUAL_ENV_PROMPT=(ros2env) _=/usr/bin/env /usr/bin/python setup.py egg_info --egg-base ../../build/my_robot_controller build --build-base /mnt/Resources/ROS/ROS2/Workspaces/ros2_ws/build/my_robot_controller/build install --prefix /mnt/Resources/ROS/ROS2/Workspaces/ros2_ws/install/my_robot_controller --record /mnt/Resources/ROS/ROS2/Workspaces/ros2_ws/build/my_robot_controller/install.log --single-version-externally-managed
