[0.000000] (-) TimerEvent: {}
[0.000229] (my_robot_controller) JobQueued: {'identifier': 'my_robot_controller', 'dependencies': OrderedDict()}
[0.000296] (my_robot_controller) JobStarted: {'identifier': 'my_robot_controller'}
[0.097554] (-) TimerEvent: {}
[0.198032] (-) TimerEvent: {}
[0.298404] (-) TimerEvent: {}
[0.398822] (-) TimerEvent: {}
[0.499144] (-) TimerEvent: {}
[0.599478] (-) TimerEvent: {}
[0.699835] (-) TimerEvent: {}
[0.800276] (-) TimerEvent: {}
[0.900583] (-) TimerEvent: {}
[1.000912] (-) TimerEvent: {}
[1.101406] (-) TimerEvent: {}
[1.201825] (-) TimerEvent: {}
[1.302450] (-) TimerEvent: {}
[1.403017] (-) TimerEvent: {}
[1.503815] (-) TimerEvent: {}
[1.604657] (-) TimerEvent: {}
[1.705364] (-) TimerEvent: {}
[1.806004] (-) TimerEvent: {}
[1.906473] (-) TimerEvent: {}
[2.007254] (-) TimerEvent: {}
[2.108092] (-) TimerEvent: {}
[2.208968] (-) TimerEvent: {}
[2.309526] (-) TimerEvent: {}
[2.410436] (-) TimerEvent: {}
[2.511240] (-) TimerEvent: {}
[2.612214] (-) TimerEvent: {}
[2.713416] (-) TimerEvent: {}
[2.814368] (-) TimerEvent: {}
[2.915220] (-) TimerEvent: {}
[3.016038] (-) TimerEvent: {}
[3.116875] (-) TimerEvent: {}
[3.217734] (-) TimerEvent: {}
[3.318647] (-) TimerEvent: {}
[3.419641] (-) TimerEvent: {}
[3.520558] (-) TimerEvent: {}
[3.621499] (-) TimerEvent: {}
[3.722438] (-) TimerEvent: {}
[3.822898] (-) TimerEvent: {}
[3.923721] (-) TimerEvent: {}
[4.024581] (-) TimerEvent: {}
[4.125479] (-) TimerEvent: {}
[4.226247] (-) TimerEvent: {}
[4.327060] (-) TimerEvent: {}
[4.427902] (-) TimerEvent: {}
[4.528693] (-) TimerEvent: {}
[4.629554] (-) TimerEvent: {}
[4.730356] (-) TimerEvent: {}
[4.831061] (-) TimerEvent: {}
[4.931895] (-) TimerEvent: {}
[5.032612] (-) TimerEvent: {}
[5.133454] (-) TimerEvent: {}
[5.228568] (my_robot_controller) Command: {'cmd': ['/usr/bin/python', 'setup.py', 'develop', '--prefix', '/mnt/Resources/ROS/ROS2/Workspaces/ros2_ws/install/my_robot_controller', '--editable', '--build-directory', '/mnt/Resources/ROS/ROS2/Workspaces/ros2_ws/build/my_robot_controller/build', '--no-deps', 'install_data', '--install-dir', '/mnt/Resources/ROS/ROS2/Workspaces/ros2_ws/install/my_robot_controller'], 'cwd': '/mnt/Resources/ROS/ROS2/Workspaces/ros2_ws/build/my_robot_controller', 'env': {'SHELL': '/bin/bash', 'ROS_VERSION': '2', 'SESSION_MANAGER': 'local/ARCH:@/tmp/.ICE-unix/1053,unix/ARCH:/tmp/.ICE-unix/1053', 'QT_SCREEN_SCALE_FACTORS': 'eDP-1=1.125;DP-1=1.125;HDMI-1=1.125;HDMI-2=1.125;', 'COLORTERM': 'truecolor', 'XDG_CONFIG_DIRS': '/home/arifcse21/.config/kdedefaults:/etc/xdg', 'XDG_SESSION_PATH': '/org/freedesktop/DisplayManager/Session2', 'PKG_CONFIG_PATH': '/opt/ros/humble/lib/pkgconfig', 'ROS_PYTHON_VERSION': '3', 'TERMINATOR_DBUS_PATH': '/net/tenshu/Terminator2', 'TERMINATOR_UUID': 'urn:uuid:6f5d2c46-44eb-41b4-936a-b2e1f36065b6', 'DESKTOP_SESSION': 'plasma', 'GTK_RC_FILES': '/etc/gtk/gtkrc:/home/arifcse21/.gtkrc:/home/arifcse21/.config/gtkrc', 'XCURSOR_SIZE': '48', 'EDITOR': 'vim', 'GTK_MODULES': 'canberra-gtk-module', 'XDG_SEAT': 'seat0', 'PWD': '/mnt/Resources/ROS/ROS2/Workspaces/ros2_ws/build/my_robot_controller', 'XDG_SESSION_DESKTOP': 'KDE', 'LOGNAME': 'arifcse21', 'XDG_SESSION_TYPE': 'x11', 'ROS_DOMAIN_ID': '42', 'SYSTEMD_EXEC_PID': '1239', 'XAUTHORITY': '/home/arifcse21/.Xauthority', 'MOTD_SHOWN': 'pam', 'GTK2_RC_FILES': '/etc/gtk-2.0/gtkrc:/home/arifcse21/.gtkrc-2.0:/home/arifcse21/.config/gtkrc-2.0', 'HOME': '/home/arifcse21', 'LANG': 'en_US.UTF-8', 'XDG_CURRENT_DESKTOP': 'KDE', 'VIRTUAL_ENV': '/mnt/Resources/ROS/ROS2/Workspaces/ros2env', 'VTE_VERSION': '7001', 'AMENT_PREFIX_PATH': '/mnt/Resources/ROS/ROS2/Workspaces/ros2_ws/install/my_robot_controller:/opt/ros/humble', 'CMAKE_PREFIX_PATH': '/opt/ros/humble', 'XDG_SEAT_PATH': '/org/freedesktop/DisplayManager/Seat0', 'COLCON_PREFIX_PATH': '/mnt/Resources/ROS/ROS2/Workspaces/ros2_ws/install:/opt/ros/humble', 'INVOCATION_ID': 'aa6d4f6855ff45679e353014721f45f5', 'TERMINATOR_DBUS_NAME': 'net.tenshu.Terminator21a9d5db22c73a993ff0b42f64b396873', 'MANAGERPID': '969', 'KDE_SESSION_UID': '1000', 'XDG_SESSION_CLASS': 'user', 'PYTHONPATH': '/mnt/Resources/ROS/ROS2/Workspaces/ros2_ws/install/my_robot_controller/lib/python3.10/site-packages:/mnt/Resources/ROS/ROS2/Workspaces/ros2_ws/build/my_robot_controller:/mnt/Resources/ROS/ROS2/Workspaces/ros2_ws/install/my_robot_controller/lib/python3.10/site-packages:/build/ros2-humble/src/install/lib/python3.10/dist-packages:/opt/ros/humble/lib/python3.10/site-packages', 'COLCON': '1', 'TERM': 'xterm-256color', 'USER': 'arifcse21', 'KDE_SESSION_VERSION': '5', 'PAM_KWALLET5_LOGIN': '/run/user/1000/kwallet5.socket', 'DISPLAY': ':0', 'SHLVL': '1', 'XDG_VTNR': '1', 'XDG_SESSION_ID': '2', 'VIRTUAL_ENV_PROMPT': '(ros2env)', 'LD_LIBRARY_PATH': '/opt/ros/humble/opt/yaml_cpp_vendor/lib:/opt/ros/humble/opt/rviz_ogre_vendor/lib:/opt/ros/humble/lib', 'XDG_RUNTIME_DIR': '/run/user/1000', 'ROS_LOCALHOST_ONLY': '0', 'MKLROOT': '/opt/intel/oneapi/mkl/latest', 'QT_AUTO_SCREEN_SCALE_FACTOR': '0', 'JOURNAL_STREAM': '8:26647', 'XCURSOR_THEME': 'LyraQ-cursors', 'KDE_FULL_SESSION': 'true', 'PATH': '/mnt/Resources/ROS/ROS2/Workspaces/ros2env/bin:/opt/ros/humble/bin:/usr/local/sbin:/usr/local/bin:/usr/bin:/usr/lib/jvm/default/bin:/usr/bin/site_perl:/usr/bin/vendor_perl:/usr/bin/core_perl:/home/arifcse21/.local/share/JetBrains/Toolbox/scripts', 'DBUS_SESSION_BUS_ADDRESS': 'unix:path=/run/user/1000/bus', 'KDE_APPLICATIONS_AS_SCOPE': '1', 'MAIL': '/var/spool/mail/arifcse21', 'ROS_DISTRO': 'humble', '_': '/usr/bin/env'}, 'shell': False}
[5.233580] (-) TimerEvent: {}
[5.333912] (-) TimerEvent: {}
[5.434216] (-) TimerEvent: {}
[5.534523] (-) TimerEvent: {}
[5.634803] (-) TimerEvent: {}
[5.685741] (my_robot_controller) StdoutLine: {'line': b'running develop\n'}
[5.734933] (-) TimerEvent: {}
[5.835271] (-) TimerEvent: {}
[5.935573] (-) TimerEvent: {}
[6.035983] (-) TimerEvent: {}
[6.121108] (my_robot_controller) StdoutLine: {'line': b'running egg_info\n'}
[6.127095] (my_robot_controller) StdoutLine: {'line': b"writing manifest file 'my_robot_controller.egg-info/SOURCES.txt'\n"}
[6.136077] (-) TimerEvent: {}
[6.180758] (my_robot_controller) StdoutLine: {'line': b'running build_ext\n'}
[6.182961] (my_robot_controller) StdoutLine: {'line': b'running install_data\n'}
[6.234679] (my_robot_controller) CommandEnded: {'returncode': 0}
[6.247445] (-) TimerEvent: {}
[6.352576] (-) TimerEvent: {}
[6.453567] (-) TimerEvent: {}
[6.472435] (my_robot_controller) JobEnded: {'identifier': 'my_robot_controller', 'rc': 0}
[6.473840] (-) EventReactorShutdown: {}
