[0.000000] (-) TimerEvent: {}
[0.000558] (-) JobUnselected: {'identifier': 'my_robot_controller'}
[0.000678] (my_py_pkg) JobQueued: {'identifier': 'my_py_pkg', 'dependencies': OrderedDict()}
[0.001424] (my_py_pkg) JobStarted: {'identifier': 'my_py_pkg'}
[0.100657] (-) TimerEvent: {}
[0.205563] (-) TimerEvent: {}
[0.305997] (-) TimerEvent: {}
[0.406436] (-) TimerEvent: {}
[0.506902] (-) TimerEvent: {}
[0.607353] (-) TimerEvent: {}
[0.707797] (-) TimerEvent: {}
[0.810966] (-) TimerEvent: {}
[0.911568] (-) TimerEvent: {}
[1.012015] (-) TimerEvent: {}
[1.112654] (-) TimerEvent: {}
[1.214124] (-) TimerEvent: {}
[1.314570] (-) TimerEvent: {}
[1.415007] (-) TimerEvent: {}
[1.515512] (-) TimerEvent: {}
[1.615966] (-) TimerEvent: {}
[1.716410] (-) TimerEvent: {}
[1.816873] (-) TimerEvent: {}
[1.917317] (-) TimerEvent: {}
[2.017888] (-) TimerEvent: {}
[2.118330] (-) TimerEvent: {}
[2.218761] (-) TimerEvent: {}
[2.319241] (-) TimerEvent: {}
[2.419724] (-) TimerEvent: {}
[2.520253] (-) TimerEvent: {}
[2.620681] (-) TimerEvent: {}
[2.640435] (my_py_pkg) Command: {'cmd': ['/usr/bin/python', 'setup.py', 'egg_info', '--egg-base', '../build/my_py_pkg', 'build', '--build-base', '/mnt/Resources/ROS/ROS2/Workspaces/ros2_ws/src/build/my_py_pkg/build', 'install', '--record', '/mnt/Resources/ROS/ROS2/Workspaces/ros2_ws/src/build/my_py_pkg/install.log', '--single-version-externally-managed'], 'cwd': '/mnt/Resources/ROS/ROS2/Workspaces/ros2_ws/src/my_py_pkg', 'env': {'SHELL': '/bin/bash', 'ROS_VERSION': '2', 'SESSION_MANAGER': 'local/ARCH:@/tmp/.ICE-unix/1018,unix/ARCH:/tmp/.ICE-unix/1018', 'QT_SCREEN_SCALE_FACTORS': 'eDP-1=1.125;DP-1=1.125;HDMI-1=1.125;HDMI-2=1.125;', 'COLORTERM': 'truecolor', 'XDG_CONFIG_DIRS': '/home/arifcse21/.config/kdedefaults:/etc/xdg', 'XDG_SESSION_PATH': '/org/freedesktop/DisplayManager/Session1', 'PKG_CONFIG_PATH': '/opt/ros/humble/lib/pkgconfig', 'ROS_PYTHON_VERSION': '3', 'TERMINATOR_DBUS_PATH': '/net/tenshu/Terminator2', 'TERMINATOR_UUID': 'urn:uuid:080b2018-fb57-429b-9ff9-5bf38588ac15', 'DESKTOP_SESSION': 'plasma', 'GTK_RC_FILES': '/etc/gtk/gtkrc:/home/arifcse21/.gtkrc:/home/arifcse21/.config/gtkrc', 'XCURSOR_SIZE': '48', 'EDITOR': 'vim', 'GTK_MODULES': 'canberra-gtk-module', 'XDG_SEAT': 'seat0', 'PWD': '/mnt/Resources/ROS/ROS2/Workspaces/ros2_ws/src/build/my_py_pkg', 'XDG_SESSION_DESKTOP': 'KDE', 'LOGNAME': 'arifcse21', 'XDG_SESSION_TYPE': 'x11', 'ROS_DOMAIN_ID': '42', 'SYSTEMD_EXEC_PID': '1209', 'XAUTHORITY': '/home/arifcse21/.Xauthority', 'MOTD_SHOWN': 'pam', 'GTK2_RC_FILES': '/etc/gtk-2.0/gtkrc:/home/arifcse21/.gtkrc-2.0:/home/arifcse21/.config/gtkrc-2.0', 'HOME': '/home/arifcse21', 'LANG': 'en_US.UTF-8', 'XDG_CURRENT_DESKTOP': 'KDE', 'VIRTUAL_ENV': '/mnt/Resources/ROS/ROS2/Workspaces/ros2env', 'VTE_VERSION': '7002', 'AMENT_PREFIX_PATH': '/mnt/Resources/ROS/ROS2/Workspaces/ros2_ws/install/my_robot_controller:/opt/ros/humble', 'CMAKE_PREFIX_PATH': '/opt/ros/humble', 'XDG_SEAT_PATH': '/org/freedesktop/DisplayManager/Seat0', 'COLCON_PREFIX_PATH': '/mnt/Resources/ROS/ROS2/Workspaces/ros2_ws/install:/opt/ros/humble', 'INVOCATION_ID': 'd25961305df24840a0ce89698ed4fc64', 'git_token': 'sh /home/arifcse21/.git_token.sh', 'TERMINATOR_DBUS_NAME': 'net.tenshu.Terminator21a9d5db22c73a993ff0b42f64b396873', 'MANAGERPID': '955', 'KDE_SESSION_UID': '1000', 'XDG_SESSION_CLASS': 'user', 'PYTHONPATH': '/mnt/Resources/ROS/ROS2/Workspaces/ros2_ws/src/build/my_py_pkg/prefix_override:/mnt/Resources/ROS/ROS2/Workspaces/ros2_ws/src/install/my_py_pkg/lib/python3.10/site-packages:/mnt/Resources/ROS/ROS2/Workspaces/ros2_ws/build/my_robot_controller:/mnt/Resources/ROS/ROS2/Workspaces/ros2_ws/install/my_robot_controller/lib/python3.10/site-packages:/build/ros2-humble/src/install/lib/python3.10/dist-packages:/opt/ros/humble/lib/python3.10/site-packages', 'COLCON': '1', 'TERM': 'xterm-256color', 'USER': 'arifcse21', 'KDE_SESSION_VERSION': '5', 'PAM_KWALLET5_LOGIN': '/run/user/1000/kwallet5.socket', 'rldbsh': 'source /home/arifcse21/.bashrc', 'DISPLAY': ':0', 'SHLVL': '1', 'XDG_VTNR': '1', 'XDG_SESSION_ID': '2', 'VIRTUAL_ENV_PROMPT': '(ros2env)', 'LD_LIBRARY_PATH': '/opt/ros/humble/opt/yaml_cpp_vendor/lib:/opt/ros/humble/opt/rviz_ogre_vendor/lib:/opt/ros/humble/lib', 'XDG_RUNTIME_DIR': '/run/user/1000', 'ROS_LOCALHOST_ONLY': '0', 'MKLROOT': '/opt/intel/oneapi/mkl/latest', 'DEBUGINFOD_URLS': 'https://debuginfod.archlinux.org', 'QT_AUTO_SCREEN_SCALE_FACTOR': '0', 'JOURNAL_STREAM': '8:25872', 'XCURSOR_THEME': 'LyraQ-cursors', 'KDE_FULL_SESSION': 'true', 'PATH': '/opt/ros/humble/bin:/mnt/Resources/ROS/ROS2/Workspaces/ros2env/bin:/usr/local/sbin:/usr/local/bin:/usr/bin:/usr/lib/jvm/default/bin:/usr/bin/site_perl:/usr/bin/vendor_perl:/usr/bin/core_perl:/home/arifcse21/.local/share/JetBrains/Toolbox/scripts', 'DBUS_SESSION_BUS_ADDRESS': 'unix:path=/run/user/1000/bus', 'KDE_APPLICATIONS_AS_SCOPE': '1', 'MAIL': '/var/spool/mail/arifcse21', 'ROS_DISTRO': 'humble', 'OLDPWD': '/mnt/Resources/ROS/ROS2/Workspaces/ros2_ws', '_': '/usr/bin/env'}, 'shell': False}
[2.720807] (-) TimerEvent: {}
[2.822008] (-) TimerEvent: {}
[2.922539] (-) TimerEvent: {}
[3.022990] (-) TimerEvent: {}
[3.123437] (-) TimerEvent: {}
[3.223891] (-) TimerEvent: {}
[3.324323] (-) TimerEvent: {}
[3.424774] (-) TimerEvent: {}
[3.516386] (my_py_pkg) StdoutLine: {'line': b'running egg_info\n'}
[3.524902] (-) TimerEvent: {}
[3.532697] (my_py_pkg) StdoutLine: {'line': b"writing manifest file '../build/my_py_pkg/my_py_pkg.egg-info/SOURCES.txt'\n"}
[3.533271] (my_py_pkg) StdoutLine: {'line': b'running build\n'}
[3.533602] (my_py_pkg) StdoutLine: {'line': b'running build_py\n'}
[3.533991] (my_py_pkg) StdoutLine: {'line': b'running install\n'}
[3.537792] (my_py_pkg) StdoutLine: {'line': b'running install_lib\n'}
[3.541818] (my_py_pkg) StdoutLine: {'line': b'running install_data\n'}
[3.544981] (my_py_pkg) StdoutLine: {'line': b'running install_egg_info\n'}
[3.550824] (my_py_pkg) StdoutLine: {'line': b"removing '/mnt/Resources/ROS/ROS2/Workspaces/ros2_ws/src/install/my_py_pkg/lib/python3.10/site-packages/my_py_pkg-0.0.0-py3.10.egg-info' (and everything under it)\n"}
[3.556464] (my_py_pkg) StdoutLine: {'line': b'Copying ../build/my_py_pkg/my_py_pkg.egg-info to /mnt/Resources/ROS/ROS2/Workspaces/ros2_ws/src/install/my_py_pkg/lib/python3.10/site-packages/my_py_pkg-0.0.0-py3.10.egg-info\n'}
[3.557013] (my_py_pkg) StdoutLine: {'line': b'running install_scripts\n'}
[3.625031] (-) TimerEvent: {}
[3.633196] (my_py_pkg) StdoutLine: {'line': b"writing list of installed files to '/mnt/Resources/ROS/ROS2/Workspaces/ros2_ws/src/build/my_py_pkg/install.log'\n"}
[3.701067] (my_py_pkg) CommandEnded: {'returncode': 0}
[3.725388] (-) TimerEvent: {}
[3.825777] (-) TimerEvent: {}
[3.900167] (my_py_pkg) JobEnded: {'identifier': 'my_py_pkg', 'rc': 0}
[3.901798] (-) EventReactorShutdown: {}
