[1.665s] Invoking command in '/mnt/Resources/ROS/ROS2/Workspaces/ros2_ws/build/my_robot_controller': PYTHONPATH=/mnt/Resources/ROS/ROS2/Workspaces/ros2_ws/install/my_robot_controller/lib/python3.10/site-packages:${PYTHONPATH} VIRTUAL_ENV_PROMPT=(ros2env) _=/usr/bin/env /usr/bin/python setup.py develop --prefix /mnt/Resources/ROS/ROS2/Workspaces/ros2_ws/install/my_robot_controller --uninstall --editable --build-directory /mnt/Resources/ROS/ROS2/Workspaces/ros2_ws/build/my_robot_controller/build
[2.204s] running develop
[2.789s] Invoked command in '/mnt/Resources/ROS/ROS2/Workspaces/ros2_ws/build/my_robot_controller' returned '0': PYTHONPATH=/mnt/Resources/ROS/ROS2/Workspaces/ros2_ws/install/my_robot_controller/lib/python3.10/site-packages:${PYTHONPATH} VIRTUAL_ENV_PROMPT=(ros2env) _=/usr/bin/env /usr/bin/python setup.py develop --prefix /mnt/Resources/ROS/ROS2/Workspaces/ros2_ws/install/my_robot_controller --uninstall --editable --build-directory /mnt/Resources/ROS/ROS2/Workspaces/ros2_ws/build/my_robot_controller/build
[2.791s] Invoking command in '/mnt/Resources/ROS/ROS2/Workspaces/ros2_ws/src/my_robot_controller': PYTHONPATH=/mnt/Resources/ROS/ROS2/Workspaces/ros2_ws/install/my_robot_controller/lib/python3.10/site-packages:${PYTHONPATH} VIRTUAL_ENV_PROMPT=(ros2env) _=/usr/bin/env /usr/bin/python setup.py egg_info --egg-base ../../build/my_robot_controller build --build-base /mnt/Resources/ROS/ROS2/Workspaces/ros2_ws/build/my_robot_controller/build install --prefix /mnt/Resources/ROS/ROS2/Workspaces/ros2_ws/install/my_robot_controller --record /mnt/Resources/ROS/ROS2/Workspaces/ros2_ws/build/my_robot_controller/install.log --single-version-externally-managed
[3.292s] running egg_info
[3.297s] writing manifest file '../../build/my_robot_controller/my_robot_controller.egg-info/SOURCES.txt'
[3.298s] running build
[3.298s] running build_py
[3.298s] copying my_robot_controller/my_first_node.py -> /mnt/Resources/ROS/ROS2/Workspaces/ros2_ws/build/my_robot_controller/build/lib/my_robot_controller
[3.298s] copying my_robot_controller/draw_circle.py -> /mnt/Resources/ROS/ROS2/Workspaces/ros2_ws/build/my_robot_controller/build/lib/my_robot_controller
[3.298s] running install
[3.300s] running install_lib
[3.301s] creating /mnt/Resources/ROS/ROS2/Workspaces/ros2_ws/install/my_robot_controller/lib/python3.10/site-packages/my_robot_controller
[3.302s] byte-compiling /mnt/Resources/ROS/ROS2/Workspaces/ros2_ws/install/my_robot_controller/lib/python3.10/site-packages/my_robot_controller/__init__.py to __init__.cpython-310.pyc
[3.302s] byte-compiling /mnt/Resources/ROS/ROS2/Workspaces/ros2_ws/install/my_robot_controller/lib/python3.10/site-packages/my_robot_controller/my_first_node.py to my_first_node.cpython-310.pyc
[3.303s] byte-compiling /mnt/Resources/ROS/ROS2/Workspaces/ros2_ws/install/my_robot_controller/lib/python3.10/site-packages/my_robot_controller/draw_circle.py to draw_circle.cpython-310.pyc
[3.303s] running install_data
[3.304s] copying package.xml -> /mnt/Resources/ROS/ROS2/Workspaces/ros2_ws/install/my_robot_controller/share/my_robot_controller
[3.305s] running install_egg_info
[3.307s] Copying ../../build/my_robot_controller/my_robot_controller.egg-info to /mnt/Resources/ROS/ROS2/Workspaces/ros2_ws/install/my_robot_controller/lib/python3.10/site-packages/my_robot_controller-0.0.0-py3.10.egg-info
[3.308s] running install_scripts
[3.336s] writing list of installed files to '/mnt/Resources/ROS/ROS2/Workspaces/ros2_ws/build/my_robot_controller/install.log'
[3.376s] Invoked command in '/mnt/Resources/ROS/ROS2/Workspaces/ros2_ws/src/my_robot_controller' returned '0': PYTHONPATH=/mnt/Resources/ROS/ROS2/Workspaces/ros2_ws/install/my_robot_controller/lib/python3.10/site-packages:${PYTHONPATH} VIRTUAL_ENV_PROMPT=(ros2env) _=/usr/bin/env /usr/bin/python setup.py egg_info --egg-base ../../build/my_robot_controller build --build-base /mnt/Resources/ROS/ROS2/Workspaces/ros2_ws/build/my_robot_controller/build install --prefix /mnt/Resources/ROS/ROS2/Workspaces/ros2_ws/install/my_robot_controller --record /mnt/Resources/ROS/ROS2/Workspaces/ros2_ws/build/my_robot_controller/install.log --single-version-externally-managed
